~/.hermes ❯❯❯ hermes create connection --a-chain juno-1 --b-chain umee-1                                                                                                                (base)  master ✚ ✱ ◼
2023-03-28T17:06:09.719240Z  INFO ThreadId(01) using default configuration from '/Users/dima/.hermes/config.toml'
2023-03-28T17:06:09.719606Z  INFO ThreadId(01) running Hermes v1.3.0
2023-03-28T17:06:11.237285Z  INFO ThreadId(01) Creating new clients hosted on chains juno-1 and umee-1
2023-03-28T17:06:12.699779Z TRACE ThreadId(21) foreign_client.create{client=umee-1->juno-1:07-tendermint-0}: light client verification trusted=1-5845425 target=1-5845425
2023-03-28T17:06:15.892385Z DEBUG ThreadId(11) foreign_client.create{client=umee-1->juno-1:07-tendermint-0}:send_messages_and_wait_commit{chain=juno-1 tracking_id=create client}: sending 1 messages as 1 batches to chain juno-1 in parallel
2023-03-28T17:06:15.892510Z DEBUG ThreadId(11) foreign_client.create{client=umee-1->juno-1:07-tendermint-0}:send_messages_and_wait_commit{chain=juno-1 tracking_id=create client}:send_tx_with_account_sequence_retry{chain=juno-1 account.sequence=64}: max fee, for use in tx simulation: Fee { amount: "80001ujuno", gas_limit: 800000 }
2023-03-28T17:06:16.476744Z DEBUG ThreadId(11) foreign_client.create{client=umee-1->juno-1:07-tendermint-0}:send_messages_and_wait_commit{chain=juno-1 tracking_id=create client}:send_tx_with_account_sequence_retry{chain=juno-1 account.sequence=64}:estimate_gas: tx simulation successful, gas amount used: 93912
2023-03-28T17:06:16.476885Z DEBUG ThreadId(11) foreign_client.create{client=umee-1->juno-1:07-tendermint-0}:send_messages_and_wait_commit{chain=juno-1 tracking_id=create client}:send_tx_with_account_sequence_retry{chain=juno-1 account.sequence=64}: send_tx: using 93912 gas, fee Fee { amount: "10331ujuno", gas_limit: 103303 } id=juno-1
2023-03-28T17:06:17.069252Z DEBUG ThreadId(11) foreign_client.create{client=umee-1->juno-1:07-tendermint-0}:send_messages_and_wait_commit{chain=juno-1 tracking_id=create client}:send_tx_with_account_sequence_retry{chain=juno-1 account.sequence=64}: gas estimation succeeded
2023-03-28T17:06:17.069336Z DEBUG ThreadId(11) foreign_client.create{client=umee-1->juno-1:07-tendermint-0}:send_messages_and_wait_commit{chain=juno-1 tracking_id=create client}:send_tx_with_account_sequence_retry{chain=juno-1 account.sequence=64}: tx was successfully broadcasted, increasing account sequence number response=Response { code: Ok, data: b"", log: "[]", hash: Hash::Sha256(8BD770EC5168D310654D720675F253F2AD844524FB47AD84714CFEBCEC9F9338) } account.sequence.old=64 account.sequence.new=65
2023-03-28T17:06:17.069475Z DEBUG ThreadId(11) foreign_client.create{client=umee-1->juno-1:07-tendermint-0}:send_messages_and_wait_commit{chain=juno-1 tracking_id=create client}: wait_for_block_commits: waiting for commit of tx hashes(s) 8BD770EC5168D310654D720675F253F2AD844524FB47AD84714CFEBCEC9F9338 id=juno-1
2023-03-28T17:06:20.586624Z TRACE ThreadId(11) foreign_client.create{client=umee-1->juno-1:07-tendermint-0}:send_messages_and_wait_commit{chain=juno-1 tracking_id=create client}: wait_for_block_commits: retrieved 1 tx results after 3517ms id=juno-1
2023-03-28T17:06:20.586817Z  INFO ThreadId(01) foreign_client.create{client=umee-1->juno-1:07-tendermint-0}: 🍭 client was created successfully id=07-tendermint-333
2023-03-28T17:06:20.586835Z DEBUG ThreadId(01) foreign_client.create{client=umee-1->juno-1:07-tendermint-0}: event emitted after creation id=07-tendermint-333 event_with_height.event=CreateClient(CreateClient(Attributes { client_id: ClientId("07-tendermint-333"), client_type: Tendermint, consensus_height: Height { revision: 1, height: 5845425 } }))
2023-03-28T17:06:22.308369Z TRACE ThreadId(11) foreign_client.create{client=juno-1->umee-1:07-tendermint-0}: light client verification trusted=1-7589551 target=1-7589551
2023-03-28T17:06:27.770367Z DEBUG ThreadId(21) foreign_client.create{client=juno-1->umee-1:07-tendermint-0}:send_messages_and_wait_commit{chain=umee-1 tracking_id=create client}: sending 1 messages as 1 batches to chain umee-1 in parallel
2023-03-28T17:06:27.770480Z DEBUG ThreadId(21) foreign_client.create{client=juno-1->umee-1:07-tendermint-0}:send_messages_and_wait_commit{chain=umee-1 tracking_id=create client}:send_tx_with_account_sequence_retry{chain=umee-1 account.sequence=26}: max fee, for use in tx simulation: Fee { amount: "80001uumee", gas_limit: 800000 }
2023-03-28T17:06:28.825802Z DEBUG ThreadId(21) foreign_client.create{client=juno-1->umee-1:07-tendermint-0}:send_messages_and_wait_commit{chain=umee-1 tracking_id=create client}:send_tx_with_account_sequence_retry{chain=umee-1 account.sequence=26}:estimate_gas: tx simulation successful, gas amount used: 95381
2023-03-28T17:06:28.825894Z DEBUG ThreadId(21) foreign_client.create{client=juno-1->umee-1:07-tendermint-0}:send_messages_and_wait_commit{chain=umee-1 tracking_id=create client}:send_tx_with_account_sequence_retry{chain=umee-1 account.sequence=26}: send_tx: using 95381 gas, fee Fee { amount: "10492uumee", gas_limit: 104919 } id=umee-1
2023-03-28T17:06:29.206527Z DEBUG ThreadId(21) foreign_client.create{client=juno-1->umee-1:07-tendermint-0}:send_messages_and_wait_commit{chain=umee-1 tracking_id=create client}:send_tx_with_account_sequence_retry{chain=umee-1 account.sequence=26}: gas estimation succeeded
2023-03-28T17:06:29.206595Z DEBUG ThreadId(21) foreign_client.create{client=juno-1->umee-1:07-tendermint-0}:send_messages_and_wait_commit{chain=umee-1 tracking_id=create client}:send_tx_with_account_sequence_retry{chain=umee-1 account.sequence=26}: tx was successfully broadcasted, increasing account sequence number response=Response { code: Ok, data: b"", log: "[]", hash: Hash::Sha256(EC0E282D60BA76393FABBFBBC6642F489E640D6518C5C4C0602359BEF2B768E7) } account.sequence.old=26 account.sequence.new=27
2023-03-28T17:06:29.206716Z DEBUG ThreadId(21) foreign_client.create{client=juno-1->umee-1:07-tendermint-0}:send_messages_and_wait_commit{chain=umee-1 tracking_id=create client}: wait_for_block_commits: waiting for commit of tx hashes(s) EC0E282D60BA76393FABBFBBC6642F489E640D6518C5C4C0602359BEF2B768E7 id=umee-1
2023-03-28T17:06:31.213113Z TRACE ThreadId(21) foreign_client.create{client=juno-1->umee-1:07-tendermint-0}:send_messages_and_wait_commit{chain=umee-1 tracking_id=create client}: wait_for_block_commits: retrieved 1 tx results after 2006ms id=umee-1
2023-03-28T17:06:31.213228Z  INFO ThreadId(01) foreign_client.create{client=juno-1->umee-1:07-tendermint-0}: 🍭 client was created successfully id=07-tendermint-178
2023-03-28T17:06:31.213256Z DEBUG ThreadId(01) foreign_client.create{client=juno-1->umee-1:07-tendermint-0}: event emitted after creation id=07-tendermint-178 event_with_height.event=CreateClient(CreateClient(Attributes { client_id: ClientId("07-tendermint-178"), client_type: Tendermint, consensus_height: Height { revision: 1, height: 7589551 } }))
2023-03-28T17:06:31.213494Z DEBUG ThreadId(01) do_conn_open_handshake with connection end states: UNINITIALIZED, UNINITIALIZED
2023-03-28T17:06:31.215955Z DEBUG ThreadId(11) send_messages_and_wait_commit{chain=juno-1 tracking_id=ConnectionOpenInit}: sending 1 messages as 1 batches to chain juno-1 in parallel
2023-03-28T17:06:31.215976Z DEBUG ThreadId(11) send_messages_and_wait_commit{chain=juno-1 tracking_id=ConnectionOpenInit}:send_tx_with_account_sequence_retry{chain=juno-1 account.sequence=65}: max fee, for use in tx simulation: Fee { amount: "80001ujuno", gas_limit: 800000 }
2023-03-28T17:06:32.200241Z DEBUG ThreadId(11) send_messages_and_wait_commit{chain=juno-1 tracking_id=ConnectionOpenInit}:send_tx_with_account_sequence_retry{chain=juno-1 account.sequence=65}:estimate_gas: tx simulation successful, gas amount used: 73402
2023-03-28T17:06:32.200357Z DEBUG ThreadId(11) send_messages_and_wait_commit{chain=juno-1 tracking_id=ConnectionOpenInit}:send_tx_with_account_sequence_retry{chain=juno-1 account.sequence=65}: send_tx: using 73402 gas, fee Fee { amount: "8075ujuno", gas_limit: 80742 } id=juno-1
2023-03-28T17:06:32.487063Z DEBUG ThreadId(11) send_messages_and_wait_commit{chain=juno-1 tracking_id=ConnectionOpenInit}:send_tx_with_account_sequence_retry{chain=juno-1 account.sequence=65}: gas estimation succeeded
2023-03-28T17:06:32.487151Z DEBUG ThreadId(11) send_messages_and_wait_commit{chain=juno-1 tracking_id=ConnectionOpenInit}:send_tx_with_account_sequence_retry{chain=juno-1 account.sequence=65}: tx was successfully broadcasted, increasing account sequence number response=Response { code: Ok, data: b"", log: "[]", hash: Hash::Sha256(34B02C4F0A4310A5FEFEBCDB7141480C9708131663702800A7D72D23C202EA0B) } account.sequence.old=65 account.sequence.new=66
2023-03-28T17:06:32.487221Z DEBUG ThreadId(11) send_messages_and_wait_commit{chain=juno-1 tracking_id=ConnectionOpenInit}: wait_for_block_commits: waiting for commit of tx hashes(s) 34B02C4F0A4310A5FEFEBCDB7141480C9708131663702800A7D72D23C202EA0B id=juno-1
2023-03-28T17:06:38.347814Z TRACE ThreadId(11) send_messages_and_wait_commit{chain=juno-1 tracking_id=ConnectionOpenInit}: wait_for_block_commits: retrieved 1 tx results after 5860ms id=juno-1
2023-03-28T17:06:38.347958Z  INFO ThreadId(01) 🥂 juno-1 => OpenInitConnection(OpenInit { Attributes { connection_id: connection-320, client_id: 07-tendermint-333, counterparty_connection_id: None, counterparty_client_id: 07-tendermint-178 } }) at height 1-7589554
2023-03-28T17:06:41.974000Z DEBUG ThreadId(01) do_conn_open_handshake with connection end states: INIT, UNINITIALIZED
2023-03-28T17:06:45.088255Z TRACE ThreadId(21) foreign_client.wait_and_build_update_client_with_trusted{client=umee-1->juno-1:07-tendermint-333 target_height=1-5845431}:foreign_client.build_update_client_with_trusted{client=umee-1->juno-1:07-tendermint-333 target_height=1-5845431}: light client verification trusted=1-5845425 target=1-5845431
2023-03-28T17:06:50.562099Z TRACE ThreadId(21) foreign_client.wait_and_build_update_client_with_trusted{client=umee-1->juno-1:07-tendermint-333 target_height=1-5845431}:foreign_client.build_update_client_with_trusted{client=umee-1->juno-1:07-tendermint-333 target_height=1-5845431}: adjusting headers with 0 supporting headers trusted=1-5845425 target=5845431
2023-03-28T17:06:50.562144Z TRACE ThreadId(21) foreign_client.wait_and_build_update_client_with_trusted{client=umee-1->juno-1:07-tendermint-333 target_height=1-5845431}:foreign_client.build_update_client_with_trusted{client=umee-1->juno-1:07-tendermint-333 target_height=1-5845431}: fetching header height=1-5845426
2023-03-28T17:06:53.814342Z DEBUG ThreadId(01) foreign_client.wait_and_build_update_client_with_trusted{client=umee-1->juno-1:07-tendermint-333 target_height=1-5845431}:foreign_client.build_update_client_with_trusted{client=umee-1->juno-1:07-tendermint-333 target_height=1-5845431}: building a MsgUpdateAnyClient from trusted height 1-5845425 to target height 1-5845431
2023-03-28T17:06:53.816340Z DEBUG ThreadId(11) send_messages_and_wait_commit{chain=juno-1 tracking_id=update client on source for ConnectionOpenTry}: sending 1 messages as 1 batches to chain juno-1 in parallel
2023-03-28T17:06:53.816391Z DEBUG ThreadId(11) send_messages_and_wait_commit{chain=juno-1 tracking_id=update client on source for ConnectionOpenTry}:send_tx_with_account_sequence_retry{chain=juno-1 account.sequence=66}: max fee, for use in tx simulation: Fee { amount: "80001ujuno", gas_limit: 800000 }
2023-03-28T17:06:56.566230Z DEBUG ThreadId(11) send_messages_and_wait_commit{chain=juno-1 tracking_id=update client on source for ConnectionOpenTry}:send_tx_with_account_sequence_retry{chain=juno-1 account.sequence=66}:estimate_gas: tx simulation successful, gas amount used: 291011
2023-03-28T17:06:56.566334Z DEBUG ThreadId(11) send_messages_and_wait_commit{chain=juno-1 tracking_id=update client on source for ConnectionOpenTry}:send_tx_with_account_sequence_retry{chain=juno-1 account.sequence=66}: send_tx: using 291011 gas, fee Fee { amount: "32012ujuno", gas_limit: 320112 } id=juno-1
2023-03-28T17:06:56.908128Z DEBUG ThreadId(11) send_messages_and_wait_commit{chain=juno-1 tracking_id=update client on source for ConnectionOpenTry}:send_tx_with_account_sequence_retry{chain=juno-1 account.sequence=66}: gas estimation succeeded
2023-03-28T17:06:56.908211Z DEBUG ThreadId(11) send_messages_and_wait_commit{chain=juno-1 tracking_id=update client on source for ConnectionOpenTry}:send_tx_with_account_sequence_retry{chain=juno-1 account.sequence=66}: tx was successfully broadcasted, increasing account sequence number response=Response { code: Ok, data: b"", log: "[]", hash: Hash::Sha256(924C7C60C1DCF5CA30703800E5FAB57AB37C5772E07756233F5B586A9F55FAF5) } account.sequence.old=66 account.sequence.new=67
2023-03-28T17:06:56.908361Z DEBUG ThreadId(11) send_messages_and_wait_commit{chain=juno-1 tracking_id=update client on source for ConnectionOpenTry}: wait_for_block_commits: waiting for commit of tx hashes(s) 924C7C60C1DCF5CA30703800E5FAB57AB37C5772E07756233F5B586A9F55FAF5 id=juno-1
2023-03-28T17:07:03.486392Z TRACE ThreadId(11) send_messages_and_wait_commit{chain=juno-1 tracking_id=update client on source for ConnectionOpenTry}: wait_for_block_commits: retrieved 1 tx results after 6578ms id=juno-1
2023-03-28T17:07:10.439173Z TRACE ThreadId(11) foreign_client.wait_and_build_update_client_with_trusted{client=juno-1->umee-1:07-tendermint-178 target_height=1-7589559}:foreign_client.build_update_client_with_trusted{client=juno-1->umee-1:07-tendermint-178 target_height=1-7589559}: light client verification trusted=1-7589551 target=1-7589559
2023-03-28T17:07:20.505511Z TRACE ThreadId(11) foreign_client.wait_and_build_update_client_with_trusted{client=juno-1->umee-1:07-tendermint-178 target_height=1-7589559}:foreign_client.build_update_client_with_trusted{client=juno-1->umee-1:07-tendermint-178 target_height=1-7589559}: adjusting headers with 0 supporting headers trusted=1-7589551 target=7589559
2023-03-28T17:07:20.505556Z TRACE ThreadId(11) foreign_client.wait_and_build_update_client_with_trusted{client=juno-1->umee-1:07-tendermint-178 target_height=1-7589559}:foreign_client.build_update_client_with_trusted{client=juno-1->umee-1:07-tendermint-178 target_height=1-7589559}: fetching header height=1-7589552
2023-03-28T17:07:25.952918Z DEBUG ThreadId(01) foreign_client.wait_and_build_update_client_with_trusted{client=juno-1->umee-1:07-tendermint-178 target_height=1-7589559}:foreign_client.build_update_client_with_trusted{client=juno-1->umee-1:07-tendermint-178 target_height=1-7589559}: building a MsgUpdateAnyClient from trusted height 1-7589551 to target height 1-7589559
2023-03-28T17:07:26.344728Z DEBUG ThreadId(21) send_messages_and_wait_commit{chain=umee-1 tracking_id=ConnectionOpenTry}: sending 2 messages as 1 batches to chain umee-1 in parallel
2023-03-28T17:07:26.344788Z DEBUG ThreadId(21) send_messages_and_wait_commit{chain=umee-1 tracking_id=ConnectionOpenTry}:send_tx_with_account_sequence_retry{chain=umee-1 account.sequence=27}: max fee, for use in tx simulation: Fee { amount: "80001uumee", gas_limit: 800000 }
2023-03-28T17:07:28.978311Z DEBUG ThreadId(21) send_messages_and_wait_commit{chain=umee-1 tracking_id=ConnectionOpenTry}:send_tx_with_account_sequence_retry{chain=umee-1 account.sequence=27}:estimate_gas: tx simulation successful, gas amount used: 663578
2023-03-28T17:07:28.978399Z DEBUG ThreadId(21) send_messages_and_wait_commit{chain=umee-1 tracking_id=ConnectionOpenTry}:send_tx_with_account_sequence_retry{chain=umee-1 account.sequence=27}: send_tx: using 663578 gas, fee Fee { amount: "72994uumee", gas_limit: 729935 } id=umee-1
2023-03-28T17:07:29.810385Z DEBUG ThreadId(21) send_messages_and_wait_commit{chain=umee-1 tracking_id=ConnectionOpenTry}:send_tx_with_account_sequence_retry{chain=umee-1 account.sequence=27}: gas estimation succeeded
2023-03-28T17:07:29.810438Z DEBUG ThreadId(21) send_messages_and_wait_commit{chain=umee-1 tracking_id=ConnectionOpenTry}:send_tx_with_account_sequence_retry{chain=umee-1 account.sequence=27}: tx was successfully broadcasted, increasing account sequence number response=Response { code: Ok, data: b"", log: "[]", hash: Hash::Sha256(477F4183651AD8E97D9638D20E5A891D82D9CE7D34FA6BEC648C6C232189680B) } account.sequence.old=27 account.sequence.new=28
2023-03-28T17:07:29.810490Z DEBUG ThreadId(21) send_messages_and_wait_commit{chain=umee-1 tracking_id=ConnectionOpenTry}: wait_for_block_commits: waiting for commit of tx hashes(s) 477F4183651AD8E97D9638D20E5A891D82D9CE7D34FA6BEC648C6C232189680B id=umee-1
2023-03-28T17:07:36.529722Z TRACE ThreadId(21) send_messages_and_wait_commit{chain=umee-1 tracking_id=ConnectionOpenTry}: wait_for_block_commits: retrieved 1 tx results after 6719ms id=umee-1
2023-03-28T17:07:36.529807Z  INFO ThreadId(01) 🥂 umee-1 => OpenTryConnection(OpenTry { Attributes { connection_id: connection-117, client_id: 07-tendermint-178, counterparty_connection_id: connection-320, counterparty_client_id: 07-tendermint-333 } }) at height 1-5845440
2023-03-28T17:07:41.181517Z DEBUG ThreadId(01) do_conn_open_handshake with connection end states: INIT, TRYOPEN
2023-03-28T17:07:45.334848Z TRACE ThreadId(11) foreign_client.wait_and_build_update_client_with_trusted{client=juno-1->umee-1:07-tendermint-178 target_height=1-7589564}:foreign_client.build_update_client_with_trusted{client=juno-1->umee-1:07-tendermint-178 target_height=1-7589564}: light client verification trusted=1-7589559 target=1-7589564
2023-03-28T17:07:53.541459Z TRACE ThreadId(11) foreign_client.wait_and_build_update_client_with_trusted{client=juno-1->umee-1:07-tendermint-178 target_height=1-7589564}:foreign_client.build_update_client_with_trusted{client=juno-1->umee-1:07-tendermint-178 target_height=1-7589564}: adjusting headers with 0 supporting headers trusted=1-7589559 target=7589564
2023-03-28T17:07:53.541501Z TRACE ThreadId(11) foreign_client.wait_and_build_update_client_with_trusted{client=juno-1->umee-1:07-tendermint-178 target_height=1-7589564}:foreign_client.build_update_client_with_trusted{client=juno-1->umee-1:07-tendermint-178 target_height=1-7589564}: fetching header height=1-7589560
2023-03-28T17:07:58.089640Z DEBUG ThreadId(01) foreign_client.wait_and_build_update_client_with_trusted{client=juno-1->umee-1:07-tendermint-178 target_height=1-7589564}:foreign_client.build_update_client_with_trusted{client=juno-1->umee-1:07-tendermint-178 target_height=1-7589564}: building a MsgUpdateAnyClient from trusted height 1-7589559 to target height 1-7589564
2023-03-28T17:07:58.091717Z DEBUG ThreadId(21) send_messages_and_wait_commit{chain=umee-1 tracking_id=update client on source for ConnectionOpenAck}: sending 1 messages as 1 batches to chain umee-1 in parallel
2023-03-28T17:07:58.091764Z DEBUG ThreadId(21) send_messages_and_wait_commit{chain=umee-1 tracking_id=update client on source for ConnectionOpenAck}:send_tx_with_account_sequence_retry{chain=umee-1 account.sequence=28}: max fee, for use in tx simulation: Fee { amount: "80001uumee", gas_limit: 800000 }
2023-03-28T17:07:59.757347Z ERROR ThreadId(21) send_messages_and_wait_commit{chain=umee-1 tracking_id=update client on source for ConnectionOpenAck}:send_tx_with_account_sequence_retry{chain=umee-1 account.sequence=28}:estimate_gas: failed to simulate tx. propagating error to caller: gRPC call failed with status: status: Unknown, message: "account sequence mismatch, expected 29, got 28: incorrect account sequence [umee-network/cosmos-sdk@v0.46.11-umee/x/auth/ante/sigverify.go:269] With gas wanted: '18446744073709551615' and gas used: '404131' ", details: [], metadata: MetadataMap { headers: {"server": "nginx/1.22.1", "date": "Tue, 28 Mar 2023 17:07:59 GMT", "content-type": "application/grpc", "x-cosmos-block-height": "5845444"} }
2023-03-28T17:07:59.757484Z  WARN ThreadId(21) send_messages_and_wait_commit{chain=umee-1 tracking_id=update client on source for ConnectionOpenAck}:send_tx_with_account_sequence_retry{chain=umee-1 account.sequence=28}: failed to estimate gas because of a mismatched account sequence number, refreshing account sequence number and retrying once error=gRPC call failed with status: status: Unknown, message: "account sequence mismatch, expected 29, got 28: incorrect account sequence [umee-network/cosmos-sdk@v0.46.11-umee/x/auth/ante/sigverify.go:269] With gas wanted: '18446744073709551615' and gas used: '404131' ", details: [], metadata: MetadataMap { headers: {"server": "nginx/1.22.1", "date": "Tue, 28 Mar 2023 17:07:59 GMT", "content-type": "application/grpc", "x-cosmos-block-height": "5845444"} }
2023-03-28T17:08:00.863298Z  INFO ThreadId(21) send_messages_and_wait_commit{chain=umee-1 tracking_id=update client on source for ConnectionOpenAck}:send_tx_with_account_sequence_retry{chain=umee-1 account.sequence=28}: refresh: retrieved account sequence=29 number=164497
2023-03-28T17:08:01.167711Z DEBUG ThreadId(21) send_messages_and_wait_commit{chain=umee-1 tracking_id=update client on source for ConnectionOpenAck}:send_tx_with_account_sequence_retry{chain=umee-1 account.sequence=28}: max fee, for use in tx simulation: Fee { amount: "80001uumee", gas_limit: 800000 }
2023-03-28T17:08:03.724116Z DEBUG ThreadId(21) send_messages_and_wait_commit{chain=umee-1 tracking_id=update client on source for ConnectionOpenAck}:send_tx_with_account_sequence_retry{chain=umee-1 account.sequence=28}:estimate_gas: tx simulation successful, gas amount used: 456107
2023-03-28T17:08:03.724160Z DEBUG ThreadId(21) send_messages_and_wait_commit{chain=umee-1 tracking_id=update client on source for ConnectionOpenAck}:send_tx_with_account_sequence_retry{chain=umee-1 account.sequence=28}: send_tx: using 456107 gas, fee Fee { amount: "50172uumee", gas_limit: 501717 } id=umee-1
2023-03-28T17:08:04.551629Z DEBUG ThreadId(21) send_messages_and_wait_commit{chain=umee-1 tracking_id=update client on source for ConnectionOpenAck}: wait_for_block_commits: waiting for commit of tx hashes(s) 11A78464BA4AB6B492D9F848993B8F763831ED22433F9D29050C4654D8DB31E3 id=umee-1
2023-03-28T17:08:11.789787Z TRACE ThreadId(21) send_messages_and_wait_commit{chain=umee-1 tracking_id=update client on source for ConnectionOpenAck}: wait_for_block_commits: retrieved 1 tx results after 7238ms id=umee-1
2023-03-28T17:08:18.655778Z TRACE ThreadId(21) foreign_client.wait_and_build_update_client_with_trusted{client=umee-1->juno-1:07-tendermint-333 target_height=1-5845447}:foreign_client.build_update_client_with_trusted{client=umee-1->juno-1:07-tendermint-333 target_height=1-5845447}: light client verification trusted=1-5845433 target=1-5845447
2023-03-28T17:08:23.887128Z TRACE ThreadId(21) foreign_client.wait_and_build_update_client_with_trusted{client=umee-1->juno-1:07-tendermint-333 target_height=1-5845447}:foreign_client.build_update_client_with_trusted{client=umee-1->juno-1:07-tendermint-333 target_height=1-5845447}: adjusting headers with 0 supporting headers trusted=1-5845433 target=5845447
2023-03-28T17:08:23.887160Z TRACE ThreadId(21) foreign_client.wait_and_build_update_client_with_trusted{client=umee-1->juno-1:07-tendermint-333 target_height=1-5845447}:foreign_client.build_update_client_with_trusted{client=umee-1->juno-1:07-tendermint-333 target_height=1-5845447}: fetching header height=1-5845434
2023-03-28T17:08:27.097435Z DEBUG ThreadId(01) foreign_client.wait_and_build_update_client_with_trusted{client=umee-1->juno-1:07-tendermint-333 target_height=1-5845447}:foreign_client.build_update_client_with_trusted{client=umee-1->juno-1:07-tendermint-333 target_height=1-5845447}: building a MsgUpdateAnyClient from trusted height 1-5845433 to target height 1-5845447
2023-03-28T17:08:27.865247Z DEBUG ThreadId(11) send_messages_and_wait_commit{chain=juno-1 tracking_id=ConnectionOpenAck}: sending 2 messages as 1 batches to chain juno-1 in parallel
2023-03-28T17:08:27.865311Z DEBUG ThreadId(11) send_messages_and_wait_commit{chain=juno-1 tracking_id=ConnectionOpenAck}:send_tx_with_account_sequence_retry{chain=juno-1 account.sequence=67}: max fee, for use in tx simulation: Fee { amount: "80001ujuno", gas_limit: 800000 }
2023-03-28T17:08:29.280614Z ERROR ThreadId(11) send_messages_and_wait_commit{chain=juno-1 tracking_id=ConnectionOpenAck}:send_tx_with_account_sequence_retry{chain=juno-1 account.sequence=67}:estimate_gas: failed to simulate tx. propagating error to caller: gRPC call failed with status: status: Unknown, message: "account sequence mismatch, expected 68, got 67: incorrect account sequence [cosmos/cosmos-sdk@v0.45.14/x/auth/ante/sigverify.go:265] With gas wanted: '100000000' and gas used: '302891' ", details: [], metadata: MetadataMap { headers: {"date": "Tue, 28 Mar 2023 17:08:29 GMT", "content-type": "application/grpc", "alt-svc": "h3=\":443\"; ma=86400, h3-29=\":443\"; ma=86400", "ratelimit-policy": "100; w=60", "ratelimit-policy": "100; w=60", "ratelimit-policy": "150; w=60", "ratelimit-policy": "5; w=1", "ratelimit-policy": "5; w=1", "ratelimit-policy": "10; w=1", "x-cosmos-block-height": "7589572", "cf-cache-status": "DYNAMIC", "report-to": "{\"endpoints\":[{\"url\":\"https:\/\/a.nel.cloudflare.com\/report\/v3?s=qWnHZ%2BTySwkNpTmz469oIDlqkLt9ImQL%2Bfedr4j%2FIB9b0HI2I%2FUf0GLQlRWIxiHehUTn%2BdjXFZt7Js2Z0W4vWW57TOHzeTKXCkQM4DY3wxBY4gccZ9AEMPoP454rFutJrR%2BpKzbU7%2B9rljMX7w%3D%3D\"}],\"group\":\"cf-nel\",\"max_age\":604800}", "nel": "{\"success_fraction\":0,\"report_to\":\"cf-nel\",\"max_age\":604800}", "server": "cloudflare", "cf-ray": "7af179abee368efe-HKG"} }
2023-03-28T17:08:29.280843Z  WARN ThreadId(11) send_messages_and_wait_commit{chain=juno-1 tracking_id=ConnectionOpenAck}:send_tx_with_account_sequence_retry{chain=juno-1 account.sequence=67}: failed to estimate gas because of a mismatched account sequence number, refreshing account sequence number and retrying once error=gRPC call failed with status: status: Unknown, message: "account sequence mismatch, expected 68, got 67: incorrect account sequence [cosmos/cosmos-sdk@v0.45.14/x/auth/ante/sigverify.go:265] With gas wanted: '100000000' and gas used: '302891' ", details: [], metadata: MetadataMap { headers: {"date": "Tue, 28 Mar 2023 17:08:29 GMT", "content-type": "application/grpc", "alt-svc": "h3=\":443\"; ma=86400, h3-29=\":443\"; ma=86400", "ratelimit-policy": "100; w=60", "ratelimit-policy": "100; w=60", "ratelimit-policy": "150; w=60", "ratelimit-policy": "5; w=1", "ratelimit-policy": "5; w=1", "ratelimit-policy": "10; w=1", "x-cosmos-block-height": "7589572", "cf-cache-status": "DYNAMIC", "report-to": "{\"endpoints\":[{\"url\":\"https:\/\/a.nel.cloudflare.com\/report\/v3?s=qWnHZ%2BTySwkNpTmz469oIDlqkLt9ImQL%2Bfedr4j%2FIB9b0HI2I%2FUf0GLQlRWIxiHehUTn%2BdjXFZt7Js2Z0W4vWW57TOHzeTKXCkQM4DY3wxBY4gccZ9AEMPoP454rFutJrR%2BpKzbU7%2B9rljMX7w%3D%3D\"}],\"group\":\"cf-nel\",\"max_age\":604800}", "nel": "{\"success_fraction\":0,\"report_to\":\"cf-nel\",\"max_age\":604800}", "server": "cloudflare", "cf-ray": "7af179abee368efe-HKG"} }
2023-03-28T17:08:29.898202Z  INFO ThreadId(11) send_messages_and_wait_commit{chain=juno-1 tracking_id=ConnectionOpenAck}:send_tx_with_account_sequence_retry{chain=juno-1 account.sequence=67}: refresh: retrieved account sequence=68 number=477814
2023-03-28T17:08:30.200908Z DEBUG ThreadId(11) send_messages_and_wait_commit{chain=juno-1 tracking_id=ConnectionOpenAck}:send_tx_with_account_sequence_retry{chain=juno-1 account.sequence=67}: max fee, for use in tx simulation: Fee { amount: "80001ujuno", gas_limit: 800000 }
2023-03-28T17:08:31.985633Z DEBUG ThreadId(11) send_messages_and_wait_commit{chain=juno-1 tracking_id=ConnectionOpenAck}:send_tx_with_account_sequence_retry{chain=juno-1 account.sequence=67}:estimate_gas: tx simulation successful, gas amount used: 572055
2023-03-28T17:08:31.985771Z DEBUG ThreadId(11) send_messages_and_wait_commit{chain=juno-1 tracking_id=ConnectionOpenAck}:send_tx_with_account_sequence_retry{chain=juno-1 account.sequence=67}: send_tx: using 572055 gas, fee Fee { amount: "62927ujuno", gas_limit: 629260 } id=juno-1
2023-03-28T17:08:32.347315Z DEBUG ThreadId(11) send_messages_and_wait_commit{chain=juno-1 tracking_id=ConnectionOpenAck}: wait_for_block_commits: waiting for commit of tx hashes(s) 9365674541DB8935FD6E002B530C82548A09B7D6B6FCB864EAAA12ABC59AB5FE id=juno-1
2023-03-28T17:08:40.335159Z TRACE ThreadId(11) send_messages_and_wait_commit{chain=juno-1 tracking_id=ConnectionOpenAck}: wait_for_block_commits: retrieved 1 tx results after 7988ms id=juno-1
2023-03-28T17:08:40.335280Z  INFO ThreadId(01) 🥂 juno-1 => OpenAckConnection(OpenAck { Attributes { connection_id: connection-320, client_id: 07-tendermint-333, counterparty_connection_id: connection-117, counterparty_client_id: 07-tendermint-178 } }) at height 1-7589574
2023-03-28T17:08:44.943222Z DEBUG ThreadId(01) do_conn_open_handshake with connection end states: OPEN, TRYOPEN
2023-03-28T17:08:52.960724Z TRACE ThreadId(11) foreign_client.wait_and_build_update_client_with_trusted{client=juno-1->umee-1:07-tendermint-178 target_height=1-7589576}:foreign_client.build_update_client_with_trusted{client=juno-1->umee-1:07-tendermint-178 target_height=1-7589576}: light client verification trusted=1-7589568 target=1-7589576
2023-03-28T17:09:01.125678Z TRACE ThreadId(11) foreign_client.wait_and_build_update_client_with_trusted{client=juno-1->umee-1:07-tendermint-178 target_height=1-7589576}:foreign_client.build_update_client_with_trusted{client=juno-1->umee-1:07-tendermint-178 target_height=1-7589576}: adjusting headers with 0 supporting headers trusted=1-7589568 target=7589576
2023-03-28T17:09:01.125712Z TRACE ThreadId(11) foreign_client.wait_and_build_update_client_with_trusted{client=juno-1->umee-1:07-tendermint-178 target_height=1-7589576}:foreign_client.build_update_client_with_trusted{client=juno-1->umee-1:07-tendermint-178 target_height=1-7589576}: fetching header height=1-7589569
2023-03-28T17:09:05.620149Z DEBUG ThreadId(01) foreign_client.wait_and_build_update_client_with_trusted{client=juno-1->umee-1:07-tendermint-178 target_height=1-7589576}:foreign_client.build_update_client_with_trusted{client=juno-1->umee-1:07-tendermint-178 target_height=1-7589576}: building a MsgUpdateAnyClient from trusted height 1-7589568 to target height 1-7589576
2023-03-28T17:09:05.624667Z DEBUG ThreadId(21) send_messages_and_wait_commit{chain=umee-1 tracking_id=ConnectionOpenConfirm}: sending 2 messages as 1 batches to chain umee-1 in parallel
2023-03-28T17:09:05.624756Z DEBUG ThreadId(21) send_messages_and_wait_commit{chain=umee-1 tracking_id=ConnectionOpenConfirm}:send_tx_with_account_sequence_retry{chain=umee-1 account.sequence=29}: max fee, for use in tx simulation: Fee { amount: "80001uumee", gas_limit: 800000 }
2023-03-28T17:09:07.386716Z ERROR ThreadId(21) send_messages_and_wait_commit{chain=umee-1 tracking_id=ConnectionOpenConfirm}:send_tx_with_account_sequence_retry{chain=umee-1 account.sequence=29}:estimate_gas: failed to simulate tx. propagating error to caller: gRPC call failed with status: status: Unknown, message: "account sequence mismatch, expected 32, got 29: incorrect account sequence [umee-network/cosmos-sdk@v0.46.11-umee/x/auth/ante/sigverify.go:269] With gas wanted: '18446744073709551615' and gas used: '420221' ", details: [], metadata: MetadataMap { headers: {"server": "nginx/1.22.1", "date": "Tue, 28 Mar 2023 17:09:07 GMT", "content-type": "application/grpc", "x-cosmos-block-height": "5845455"} }
2023-03-28T17:09:07.386852Z  WARN ThreadId(21) send_messages_and_wait_commit{chain=umee-1 tracking_id=ConnectionOpenConfirm}:send_tx_with_account_sequence_retry{chain=umee-1 account.sequence=29}: failed to estimate gas because of a mismatched account sequence number, refreshing account sequence number and retrying once error=gRPC call failed with status: status: Unknown, message: "account sequence mismatch, expected 32, got 29: incorrect account sequence [umee-network/cosmos-sdk@v0.46.11-umee/x/auth/ante/sigverify.go:269] With gas wanted: '18446744073709551615' and gas used: '420221' ", details: [], metadata: MetadataMap { headers: {"server": "nginx/1.22.1", "date": "Tue, 28 Mar 2023 17:09:07 GMT", "content-type": "application/grpc", "x-cosmos-block-height": "5845455"} }
2023-03-28T17:09:08.426005Z  INFO ThreadId(21) send_messages_and_wait_commit{chain=umee-1 tracking_id=ConnectionOpenConfirm}:send_tx_with_account_sequence_retry{chain=umee-1 account.sequence=29}: refresh: retrieved account sequence=32 number=164497
2023-03-28T17:09:08.727105Z DEBUG ThreadId(21) send_messages_and_wait_commit{chain=umee-1 tracking_id=ConnectionOpenConfirm}:send_tx_with_account_sequence_retry{chain=umee-1 account.sequence=29}: max fee, for use in tx simulation: Fee { amount: "80001uumee", gas_limit: 800000 }
2023-03-28T17:09:11.235983Z DEBUG ThreadId(21) send_messages_and_wait_commit{chain=umee-1 tracking_id=ConnectionOpenConfirm}:send_tx_with_account_sequence_retry{chain=umee-1 account.sequence=29}:estimate_gas: tx simulation successful, gas amount used: 484197
2023-03-28T17:09:11.236030Z DEBUG ThreadId(21) send_messages_and_wait_commit{chain=umee-1 tracking_id=ConnectionOpenConfirm}:send_tx_with_account_sequence_retry{chain=umee-1 account.sequence=29}: send_tx: using 484197 gas, fee Fee { amount: "53262uumee", gas_limit: 532616 } id=umee-1
2023-03-28T17:09:12.038638Z DEBUG ThreadId(21) send_messages_and_wait_commit{chain=umee-1 tracking_id=ConnectionOpenConfirm}: wait_for_block_commits: waiting for commit of tx hashes(s) 74B79A5691A24CB840854CC587C8E038DF2B5B9B6C2284B38CC862EBE6EB6942 id=umee-1
2023-03-28T17:09:19.924317Z TRACE ThreadId(21) send_messages_and_wait_commit{chain=umee-1 tracking_id=ConnectionOpenConfirm}: wait_for_block_commits: retrieved 1 tx results after 7885ms id=umee-1
2023-03-28T17:09:19.924365Z  INFO ThreadId(01) 🥂 umee-1 => OpenConfirmConnection(OpenConfirm { Attributes { connection_id: connection-117, client_id: 07-tendermint-178, counterparty_connection_id: connection-320, counterparty_client_id: 07-tendermint-333 } }) at height 1-5845457
2023-03-28T17:09:24.493818Z DEBUG ThreadId(01) do_conn_open_handshake with connection end states: OPEN, OPEN
2023-03-28T17:09:24.493832Z  INFO ThreadId(01) connection handshake already finished for Connection { delay_period: 0ns, a_side: ConnectionSide { chain: BaseChainHandle { chain_id: juno-1 }, client_id: 07-tendermint-333, connection_id: connection-320 }, b_side: ConnectionSide { chain: BaseChainHandle { chain_id: umee-1 }, client_id: 07-tendermint-178, connection_id: connection-117 } }
SUCCESS Connection {
    delay_period: 0ns,
    a_side: ConnectionSide {
        chain: BaseChainHandle {
            chain_id: ChainId {
                id: "juno-1",
                version: 1,
            },
            runtime_sender: Sender { .. },
        },
        client_id: ClientId(
            "07-tendermint-333",
        ),
        connection_id: Some(
            ConnectionId(
                "connection-320",
            ),
        ),
    },
    b_side: ConnectionSide {
        chain: BaseChainHandle {
            chain_id: ChainId {
                id: "umee-1",
                version: 1,
            },
            runtime_sender: Sender { .. },
        },
        client_id: ClientId(
            "07-tendermint-178",
        ),
        connection_id: Some(
            ConnectionId(
                "connection-117",
            ),
        ),
    },
}
~/.hermes ❯❯❯


https://www.mintscan.io/juno/txs/34B02C4F0A4310A5FEFEBCDB7141480C9708131663702800A7D72D23C202EA0B