2023-03-28T17:59:09.013864Z TRACE ThreadId(36) spawn:chain{chain=umee-1}:wallet{chain=umee-1}: wallet balance amount=899607 denom=uumee account=umee1fn5aq70qktp9qta9h3mnvfanx2zm4r34c3vvkx
2023-03-28T17:59:13.504653Z TRACE ThreadId(34) spawn:chain{chain=juno-1}:wallet{chain=juno-1}: wallet balance amount=154367 denom=ujuno account=juno1rhuzvew52vl2mnvlqllddadr8pgm58jpgh7d6s
2023-03-28T17:59:15.364290Z TRACE ThreadId(36) spawn:chain{chain=umee-1}:wallet{chain=umee-1}: wallet balance amount=899607 denom=uumee account=umee1fn5aq70qktp9qta9h3mnvfanx2zm4r34c3vvkx
2023-03-28T17:59:19.843964Z TRACE ThreadId(34) spawn:chain{chain=juno-1}:wallet{chain=juno-1}: wallet balance amount=154367 denom=ujuno account=juno1rhuzvew52vl2mnvlqllddadr8pgm58jpgh7d6s
2023-03-28T17:59:21.430947Z TRACE ThreadId(36) spawn:chain{chain=umee-1}:wallet{chain=umee-1}: wallet balance amount=899607 denom=uumee account=umee1fn5aq70qktp9qta9h3mnvfanx2zm4r34c3vvkx
2023-03-28T17:59:26.089445Z TRACE ThreadId(34) spawn:chain{chain=juno-1}:wallet{chain=juno-1}: wallet balance amount=154367 denom=ujuno account=juno1rhuzvew52vl2mnvlqllddadr8pgm58jpgh7d6s
2023-03-28T17:59:28.064741Z TRACE ThreadId(36) spawn:chain{chain=umee-1}:wallet{chain=umee-1}: wallet balance amount=899607 denom=uumee account=umee1fn5aq70qktp9qta9h3mnvfanx2zm4r34c3vvkx
2023-03-28T17:59:32.169341Z TRACE ThreadId(34) spawn:chain{chain=juno-1}:wallet{chain=juno-1}: wallet balance amount=154367 denom=ujuno account=juno1rhuzvew52vl2mnvlqllddadr8pgm58jpgh7d6s
2023-03-28T17:59:34.618216Z TRACE ThreadId(36) spawn:chain{chain=umee-1}:wallet{chain=umee-1}: wallet balance amount=899607 denom=uumee account=umee1fn5aq70qktp9qta9h3mnvfanx2zm4r34c3vvkx
2023-03-28T17:59:39.432123Z TRACE ThreadId(34) spawn:chain{chain=juno-1}:wallet{chain=juno-1}: wallet balance amount=154367 denom=ujuno account=juno1rhuzvew52vl2mnvlqllddadr8pgm58jpgh7d6s
2023-03-28T17:59:40.897959Z TRACE ThreadId(36) spawn:chain{chain=umee-1}:wallet{chain=umee-1}: wallet balance amount=899607 denom=uumee account=umee1fn5aq70qktp9qta9h3mnvfanx2zm4r34c3vvkx
2023-03-28T17:59:44.041260Z TRACE ThreadId(38) event_monitor{chain=umee-1}:ibc_channel event: extracted SendPacket(SendPacket { packet: seq:268503, path:channel-0/transfer->channel-184/transfer, toh:1-8915567, tos:Timestamp(NoTimestamp)) })
2023-03-28T17:59:44.041340Z TRACE ThreadId(38) event_monitor{chain=umee-1}:ibc_channel event: tx hash: D1135ACED75AD38C12FBB7155EC16D5927695B3381A158DE90CDD3CC16ED417E event="SendPacket"
2023-03-28T17:59:47.309577Z TRACE ThreadId(36) spawn:chain{chain=umee-1}:wallet{chain=umee-1}: wallet balance amount=899607 denom=uumee account=umee1fn5aq70qktp9qta9h3mnvfanx2zm4r34c3vvkx
2023-03-28T17:59:48.070853Z TRACE ThreadId(34) spawn:chain{chain=juno-1}:wallet{chain=juno-1}: wallet balance amount=154367 denom=ujuno account=juno1rhuzvew52vl2mnvlqllddadr8pgm58jpgh7d6s
2023-03-28T17:59:50.617774Z TRACE ThreadId(40) worker.batch{chain=umee-1}:supervisor.handle_batch{chain=umee-1}:supervisor.process_batch{chain=umee-1}:control.channel{channel=Channel(ChainId { id: "umee-1", version: 1 }, PortId("transfer"), ChannelId("channel-0"))}: controlling permissions
2023-03-28T17:59:50.617892Z TRACE ThreadId(40) worker.batch{chain=umee-1}:supervisor.handle_batch{chain=umee-1}:supervisor.process_batch{chain=umee-1}:control.channel{channel=Channel(ChainId { id: "umee-1", version: 1 }, PortId("transfer"), ChannelId("channel-0"))}: controlling permissions
2023-03-28T17:59:50.618026Z DEBUG ThreadId(40) worker.batch{chain=umee-1}:supervisor.handle_batch{chain=umee-1}:supervisor.process_batch{chain=umee-1}: denying relaying on object packet::channel-0/transfer:umee-1->osmosis-1, caused by: spawn error: missing chain config for 'osmosis-1' in configuration file
2023-03-28T17:59:50.618179Z TRACE ThreadId(40) worker.batch{chain=umee-1}:supervisor.handle_batch{chain=umee-1}:supervisor.process_batch{chain=umee-1}: skipping events for 'packet::channel-0/transfer:umee-1->osmosis-1'. reason: filtering is enabled and channel does not match any allowed channels
2023-03-28T17:59:53.369804Z TRACE ThreadId(36) spawn:chain{chain=umee-1}:wallet{chain=umee-1}: wallet balance amount=899607 denom=uumee account=umee1fn5aq70qktp9qta9h3mnvfanx2zm4r34c3vvkx
2023-03-28T17:59:59.452747Z TRACE ThreadId(36) spawn:chain{chain=umee-1}:wallet{chain=umee-1}: wallet balance amount=899607 denom=uumee account=umee1fn5aq70qktp9qta9h3mnvfanx2zm4r34c3vvkx
2023-03-28T18:00:00.901996Z TRACE ThreadId(34) spawn:chain{chain=juno-1}:wallet{chain=juno-1}: wallet balance amount=154367 denom=ujuno account=juno1rhuzvew52vl2mnvlqllddadr8pgm58jpgh7d6s
2023-03-28T18:00:01.363758Z TRACE ThreadId(37) event_monitor{chain=juno-1}:ibc_channel event: extracted SendPacket(SendPacket { packet: seq:1, path:channel-223/transfer->channel-50/transfer, toh:1-5846121, tos:Timestamp(NoTimestamp)) })
2023-03-28T18:00:01.363847Z TRACE ThreadId(37) event_monitor{chain=juno-1}:ibc_channel event: tx hash: 212A0324ADEB7A2E9E10B243E3C8E934F197B4C385662404E03180ADEB41E214 event="SendPacket"
2023-03-28T18:00:01.503098Z ERROR ThreadId(38) event_monitor{chain=umee-1}: failed to collect events: WebSocket driver failed: web socket error: failed to read from WebSocket connection: WebSocket protocol error: Connection reset without closing handshake
2023-03-28T18:00:01.503226Z TRACE ThreadId(38) event_monitor{chain=umee-1}:event_monitor.reconnect{chain=umee-1}:event_monitor.try_reconnect{chain=umee-1}: trying to reconnect to WebSocket endpoint ws://rpc-umee-0.node75.org:26657/websocket
2023-03-28T18:00:02.208601Z TRACE ThreadId(38) event_monitor{chain=umee-1}:event_monitor.reconnect{chain=umee-1}: error when reconnecting: failed to create WebSocket driver for chain umee-1 with address ws://rpc-umee-0.node75.org:26657/websocket
2023-03-28T18:00:03.209198Z TRACE ThreadId(38) event_monitor{chain=umee-1}:event_monitor.reconnect{chain=umee-1}:event_monitor.try_reconnect{chain=umee-1}: trying to reconnect to WebSocket endpoint ws://rpc-umee-0.node75.org:26657/websocket
2023-03-28T18:00:03.407648Z TRACE ThreadId(38) event_monitor{chain=umee-1}:event_monitor.reconnect{chain=umee-1}: error when reconnecting: failed to create WebSocket driver for chain umee-1 with address ws://rpc-umee-0.node75.org:26657/websocket
2023-03-28T18:00:04.412774Z TRACE ThreadId(38) event_monitor{chain=umee-1}:event_monitor.reconnect{chain=umee-1}:event_monitor.try_reconnect{chain=umee-1}: trying to reconnect to WebSocket endpoint ws://rpc-umee-0.node75.org:26657/websocket
2023-03-28T18:00:04.601776Z TRACE ThreadId(38) event_monitor{chain=umee-1}:event_monitor.reconnect{chain=umee-1}: error when reconnecting: failed to create WebSocket driver for chain umee-1 with address ws://rpc-umee-0.node75.org:26657/websocket
2023-03-28T18:00:05.488718Z TRACE ThreadId(36) spawn:chain{chain=umee-1}:wallet{chain=umee-1}: wallet balance amount=899607 denom=uumee account=umee1fn5aq70qktp9qta9h3mnvfanx2zm4r34c3vvkx
2023-03-28T18:00:06.606845Z TRACE ThreadId(38) event_monitor{chain=umee-1}:event_monitor.reconnect{chain=umee-1}:event_monitor.try_reconnect{chain=umee-1}: trying to reconnect to WebSocket endpoint ws://rpc-umee-0.node75.org:26657/websocket
2023-03-28T18:00:06.810467Z TRACE ThreadId(34) spawn:chain{chain=juno-1}:wallet{chain=juno-1}: wallet balance amount=154367 denom=ujuno account=juno1rhuzvew52vl2mnvlqllddadr8pgm58jpgh7d6s
2023-03-28T18:00:07.024588Z TRACE ThreadId(38) event_monitor{chain=umee-1}:event_monitor.reconnect{chain=umee-1}:event_monitor.try_reconnect{chain=umee-1}: reconnected to WebSocket endpoint ws://rpc-umee-0.node75.org:26657/websocket
2023-03-28T18:00:07.024669Z TRACE ThreadId(38) event_monitor{chain=umee-1}:event_monitor.reconnect{chain=umee-1}:event_monitor.try_reconnect{chain=umee-1}: gracefully shutting down previous client
2023-03-28T18:00:07.024729Z TRACE ThreadId(38) event_monitor{chain=umee-1}:event_monitor.reconnect{chain=umee-1}:event_monitor.try_reconnect{chain=umee-1}: previous client successfully shutdown
2023-03-28T18:00:07.024833Z TRACE ThreadId(38) event_monitor{chain=umee-1}:event_monitor.reconnect{chain=umee-1}:event_monitor.try_resubscribe{chain=umee-1}: trying to resubscribe to events
2023-03-28T18:00:07.024859Z TRACE ThreadId(38) event_monitor{chain=umee-1}:event_monitor.reconnect{chain=umee-1}:event_monitor.try_resubscribe{chain=umee-1}:event_monitor.init_subscriptions{chain=umee-1}: subscribing to query: tm.event = 'NewBlock'
2023-03-28T18:00:07.227703Z TRACE ThreadId(38) event_monitor{chain=umee-1}:event_monitor.reconnect{chain=umee-1}:event_monitor.try_resubscribe{chain=umee-1}:event_monitor.init_subscriptions{chain=umee-1}: subscribing to query: message.module = 'ibc_client'
2023-03-28T18:00:07.266495Z TRACE ThreadId(37) event_monitor{chain=juno-1}:ibc_channel event: extracted SendPacket(SendPacket { packet: seq:805660, path:channel-0/transfer->channel-42/transfer, toh:1-8915570, tos:Timestamp(NoTimestamp)) })
2023-03-28T18:00:07.266561Z TRACE ThreadId(37) event_monitor{chain=juno-1}:ibc_channel event: tx hash: C3551EC472F3464C9381D2EE13C3BC91E869FCC2CC9092A0E4B805C5105D475B event="SendPacket"
2023-03-28T18:00:07.429121Z TRACE ThreadId(38) event_monitor{chain=umee-1}:event_monitor.reconnect{chain=umee-1}:event_monitor.try_resubscribe{chain=umee-1}:event_monitor.init_subscriptions{chain=umee-1}: subscribing to query: message.module = 'ibc_connection'
2023-03-28T18:00:07.646070Z TRACE ThreadId(38) event_monitor{chain=umee-1}:event_monitor.reconnect{chain=umee-1}:event_monitor.try_resubscribe{chain=umee-1}:event_monitor.init_subscriptions{chain=umee-1}: subscribing to query: message.module = 'ibc_channel'
2023-03-28T18:00:07.850131Z TRACE ThreadId(38) event_monitor{chain=umee-1}:event_monitor.reconnect{chain=umee-1}:event_monitor.try_resubscribe{chain=umee-1}:event_monitor.init_subscriptions{chain=umee-1}: subscribing to query: message.module = 'interchainquery'
2023-03-28T18:00:08.050368Z TRACE ThreadId(38) event_monitor{chain=umee-1}:event_monitor.reconnect{chain=umee-1}:event_monitor.try_resubscribe{chain=umee-1}:event_monitor.init_subscriptions{chain=umee-1}: subscribed to all queries
2023-03-28T18:00:08.050430Z  INFO ThreadId(38) event_monitor{chain=umee-1}:event_monitor.reconnect{chain=umee-1}: successfully reconnected to WebSocket endpoint ws://rpc-umee-0.node75.org:26657/websocket
2023-03-28T18:00:11.795017Z TRACE ThreadId(36) spawn:chain{chain=umee-1}:wallet{chain=umee-1}: wallet balance amount=899607 denom=uumee account=umee1fn5aq70qktp9qta9h3mnvfanx2zm4r34c3vvkx
2023-03-28T18:00:13.826765Z TRACE ThreadId(39) worker.batch{chain=juno-1}:supervisor.handle_batch{chain=juno-1}:supervisor.process_batch{chain=juno-1}:control.channel{channel=Channel(ChainId { id: "juno-1", version: 1 }, PortId("transfer"), ChannelId("channel-223"))}: controlling permissions
2023-03-28T18:00:13.826799Z TRACE ThreadId(39) worker.batch{chain=juno-1}:supervisor.handle_batch{chain=juno-1}:supervisor.process_batch{chain=juno-1}:control.channel{channel=Channel(ChainId { id: "juno-1", version: 1 }, PortId("transfer"), ChannelId("channel-223"))}: cache hit permission=Allow
2023-03-28T18:00:14.036117Z DEBUG ThreadId(39) worker.batch{chain=juno-1}:supervisor.handle_batch{chain=juno-1}:supervisor.process_batch{chain=juno-1}:worker.packet.cmd{src_chain=juno-1 src_port=transfer src_channel=channel-223 dst_chain=umee-1}: spawning task
2023-03-28T18:00:14.036246Z DEBUG ThreadId(39) worker.batch{chain=juno-1}:supervisor.handle_batch{chain=juno-1}:supervisor.process_batch{chain=juno-1}:worker.packet{src_chain=juno-1 src_port=transfer src_channel=channel-223 dst_chain=umee-1}: spawning task
2023-03-28T18:00:17.347713Z TRACE ThreadId(34) spawn:chain{chain=juno-1}:wallet{chain=juno-1}: wallet balance amount=154367 denom=ujuno account=juno1rhuzvew52vl2mnvlqllddadr8pgm58jpgh7d6s
2023-03-28T18:00:17.736650Z DEBUG ThreadId(235) worker.batch{chain=juno-1}:supervisor.handle_batch{chain=juno-1}:supervisor.process_batch{chain=juno-1}:worker.packet.cmd{src_chain=juno-1 src_port=transfer src_channel=channel-223 dst_chain=umee-1}:schedule_packet_clearing{height=Some(Height { revision: 1, height: 7590085 })}:relay_pending_packets{height=Some(Height { revision: 1, height: 7590084 })}:schedule_recv_packet_and_timeout_msgs{query_height=1-7590084}: sequence numbers of unreceived packets to send to the destination chain out of the ones with commitments on the source chain dst_chain=umee-1 src_chain=juno-1 total=1 sequences=1..=1
2023-03-28T18:00:18.575548Z TRACE ThreadId(39) worker.batch{chain=juno-1}:supervisor.handle_batch{chain=juno-1}:supervisor.process_batch{chain=juno-1}:control.channel{channel=Channel(ChainId { id: "juno-1", version: 1 }, PortId("transfer"), ChannelId("channel-0"))}: controlling permissions
2023-03-28T18:00:18.575673Z TRACE ThreadId(39) worker.batch{chain=juno-1}:supervisor.handle_batch{chain=juno-1}:supervisor.process_batch{chain=juno-1}:control.channel{channel=Channel(ChainId { id: "juno-1", version: 1 }, PortId("transfer"), ChannelId("channel-0"))}: controlling permissions
2023-03-28T18:00:18.575729Z DEBUG ThreadId(39) worker.batch{chain=juno-1}:supervisor.handle_batch{chain=juno-1}:supervisor.process_batch{chain=juno-1}: denying relaying on object packet::channel-0/transfer:juno-1->osmosis-1, caused by: spawn error: missing chain config for 'osmosis-1' in configuration file
2023-03-28T18:00:18.575758Z TRACE ThreadId(39) worker.batch{chain=juno-1}:supervisor.handle_batch{chain=juno-1}:supervisor.process_batch{chain=juno-1}: skipping events for 'packet::channel-0/transfer:juno-1->osmosis-1'. reason: filtering is enabled and channel does not match any allowed channels
2023-03-28T18:00:18.970922Z TRACE ThreadId(36) spawn:chain{chain=umee-1}:wallet{chain=umee-1}: wallet balance amount=899607 denom=uumee account=umee1fn5aq70qktp9qta9h3mnvfanx2zm4r34c3vvkx
2023-03-28T18:00:19.512542Z TRACE ThreadId(38) event_monitor{chain=umee-1}: extracted ibc_client event UpdateClient(UpdateClient { common: Attributes { client_id: 07-tendermint-128, client_type: ClientType(07-tendermint), consensus_height: 66-18359863 }, header: None })
2023-03-28T18:00:19.892289Z TRACE ThreadId(31) worker.batch{chain=juno-1}:supervisor.handle_batch{chain=juno-1}:supervisor.process_batch{chain=juno-1}:worker.packet.cmd{src_chain=juno-1 src_port=transfer src_channel=channel-223 dst_chain=umee-1}:schedule_packet_clearing{height=Some(Height { revision: 1, height: 7590085 })}:relay_pending_packets{height=Some(Height { revision: 1, height: 7590084 })}:schedule_recv_packet_and_timeout_msgs{query_height=1-7590084}:query_send_packet_events{chain=juno-1 height=<=1-7590084 sequences=[Sequence(1)]}: start_block_events []
2023-03-28T18:00:19.892488Z TRACE ThreadId(31) worker.batch{chain=juno-1}:supervisor.handle_batch{chain=juno-1}:supervisor.process_batch{chain=juno-1}:worker.packet.cmd{src_chain=juno-1 src_port=transfer src_channel=channel-223 dst_chain=umee-1}:schedule_packet_clearing{height=Some(Height { revision: 1, height: 7590085 })}:relay_pending_packets{height=Some(Height { revision: 1, height: 7590084 })}:schedule_recv_packet_and_timeout_msgs{query_height=1-7590084}:query_send_packet_events{chain=juno-1 height=<=1-7590084 sequences=[Sequence(1)]}: tx_events []
2023-03-28T18:00:19.892801Z TRACE ThreadId(31) worker.batch{chain=juno-1}:supervisor.handle_batch{chain=juno-1}:supervisor.process_batch{chain=juno-1}:worker.packet.cmd{src_chain=juno-1 src_port=transfer src_channel=channel-223 dst_chain=umee-1}:schedule_packet_clearing{height=Some(Height { revision: 1, height: 7590085 })}:relay_pending_packets{height=Some(Height { revision: 1, height: 7590084 })}:schedule_recv_packet_and_timeout_msgs{query_height=1-7590084}:query_send_packet_events{chain=juno-1 height=<=1-7590084 sequences=[Sequence(1)]}: end_block_events []
2023-03-28T18:00:19.894256Z  INFO ThreadId(235) worker.batch{chain=juno-1}:supervisor.handle_batch{chain=juno-1}:supervisor.process_batch{chain=juno-1}:worker.packet.cmd{src_chain=juno-1 src_port=transfer src_channel=channel-223 dst_chain=umee-1}:schedule_packet_clearing{height=Some(Height { revision: 1, height: 7590085 })}:relay_pending_packets{height=Some(Height { revision: 1, height: 7590084 })}:schedule_recv_packet_and_timeout_msgs{query_height=1-7590084}: pulled packet data for 0 events out of 1 sequences: 1..=1; events.total=1 events.left=0
2023-03-28T18:00:22.547552Z DEBUG ThreadId(235) worker.batch{chain=juno-1}:supervisor.handle_batch{chain=juno-1}:supervisor.process_batch{chain=juno-1}:worker.packet.cmd{src_chain=juno-1 src_port=transfer src_channel=channel-223 dst_chain=umee-1}:schedule_packet_clearing{height=Some(Height { revision: 1, height: 7590085 })}: done relaying pending packets at clear height height=Some(Height { revision: 1, height: 7590084 })
2023-03-28T18:00:22.911768Z TRACE ThreadId(235) worker.batch{chain=juno-1}:supervisor.handle_batch{chain=juno-1}:supervisor.process_batch{chain=juno-1}:worker.packet.cmd{src_chain=juno-1 src_port=transfer src_channel=channel-223 dst_chain=umee-1}:update_schedule{batch.tracking_id=659a16b8 batch.height=1-7590085}:generate_operational_data{tracking_id=659a16b8}: processing event event=SendPacket(SendPacket { packet: seq:1, path:channel-223/transfer->channel-50/transfer, toh:1-5846121, tos:Timestamp(NoTimestamp)) }) at height 1-7590085
2023-03-28T18:00:25.486494Z TRACE ThreadId(36) spawn:chain{chain=umee-1}:wallet{chain=umee-1}: wallet balance amount=899607 denom=uumee account=umee1fn5aq70qktp9qta9h3mnvfanx2zm4r34c3vvkx
2023-03-28T18:00:28.820747Z TRACE ThreadId(34) spawn:chain{chain=juno-1}:wallet{chain=juno-1}: wallet balance amount=154367 denom=ujuno account=juno1rhuzvew52vl2mnvlqllddadr8pgm58jpgh7d6s
2023-03-28T18:00:30.576378Z TRACE ThreadId(235) worker.batch{chain=juno-1}:supervisor.handle_batch{chain=juno-1}:supervisor.process_batch{chain=juno-1}:worker.packet.cmd{src_chain=juno-1 src_port=transfer src_channel=channel-223 dst_chain=umee-1}:update_schedule{batch.tracking_id=659a16b8 batch.height=1-7590085}:generate_operational_data{tracking_id=659a16b8}: built recv_packet msg packet=seq:1, path:channel-223/transfer->channel-50/transfer, toh:1-5846121, tos:Timestamp(NoTimestamp)) height=1-7590086
2023-03-28T18:00:30.576528Z TRACE ThreadId(235) worker.batch{chain=juno-1}:supervisor.handle_batch{chain=juno-1}:supervisor.process_batch{chain=juno-1}:worker.packet.cmd{src_chain=juno-1 src_port=transfer src_channel=channel-223 dst_chain=umee-1}:update_schedule{batch.tracking_id=659a16b8 batch.height=1-7590085}:generate_operational_data{tracking_id=659a16b8}: collected event msg.type_url=/ibc.core.channel.v1.MsgRecvPacket event=SendPacket(SendPacket { packet: seq:1, path:channel-223/transfer->channel-50/transfer, toh:1-5846121, tos:Timestamp(NoTimestamp)) }) at height 1-7590085
2023-03-28T18:00:30.577857Z DEBUG ThreadId(235) worker.batch{chain=juno-1}:supervisor.handle_batch{chain=juno-1}:supervisor.process_batch{chain=juno-1}:worker.packet.cmd{src_chain=juno-1 src_port=transfer src_channel=channel-223 dst_chain=umee-1}:update_schedule{batch.tracking_id=659a16b8 batch.height=1-7590085}:schedule{odata=659a16b8 ->Destination @1-7590085; len=1}: connection delay need not be taken into account: client update message will be prepended later
2023-03-28T18:00:31.112107Z TRACE ThreadId(37) event_monitor{chain=juno-1}:ibc_channel event: extracted SendPacket(SendPacket { packet: seq:805661, path:channel-0/transfer->channel-42/transfer, toh:1-8915572, tos:Timestamp(NoTimestamp)) })
2023-03-28T18:00:31.112143Z TRACE ThreadId(37) event_monitor{chain=juno-1}:ibc_channel event: tx hash: 5B79EE598A95A5885383DC4A5E3227717EABCF967759674047C293A8252789BF event="SendPacket"
2023-03-28T18:00:31.306177Z TRACE ThreadId(37) event_monitor{chain=juno-1}:ibc_channel event: extracted SendPacket(SendPacket { packet: seq:805662, path:channel-0/transfer->channel-42/transfer, toh:1-8915572, tos:Timestamp(NoTimestamp)) })
2023-03-28T18:00:31.306241Z TRACE ThreadId(37) event_monitor{chain=juno-1}:ibc_channel event: tx hash: FFDD6736A58C60019982A3F13831BE80A0606C83064846D1A74196BF7AA4723D event="SendPacket"
2023-03-28T18:00:31.809781Z TRACE ThreadId(36) spawn:chain{chain=umee-1}:wallet{chain=umee-1}: wallet balance amount=899607 denom=uumee account=umee1fn5aq70qktp9qta9h3mnvfanx2zm4r34c3vvkx
2023-03-28T18:00:31.905976Z TRACE ThreadId(37) event_monitor{chain=juno-1}:ibc_channel event: extracted AcknowledgePacket(AcknowledgePacket { packet: seq:805660, path:channel-0/transfer->channel-42/transfer, toh:1-8915570, tos:Timestamp(NoTimestamp))})
2023-03-28T18:00:32.250746Z TRACE ThreadId(37) event_monitor{chain=juno-1}: extracted ibc_client event UpdateClient(UpdateClient { common: Attributes { client_id: 07-tendermint-0, client_type: ClientType(07-tendermint), consensus_height: 1-8915425 }, header: None })
2023-03-28T18:00:34.621533Z DEBUG ThreadId(235) worker.batch{chain=juno-1}:supervisor.handle_batch{chain=juno-1}:supervisor.process_batch{chain=juno-1}:worker.packet.cmd{src_chain=juno-1 src_port=transfer src_channel=channel-223 dst_chain=umee-1}:relay{odata=659a16b8 ->Destination @1-7590085; len=1}: retrying retry.current=1 retry.max=5
2023-03-28T18:00:34.621613Z DEBUG ThreadId(235) worker.batch{chain=juno-1}:supervisor.handle_batch{chain=juno-1}:supervisor.process_batch{chain=juno-1}:worker.packet.cmd{src_chain=juno-1 src_port=transfer src_channel=channel-223 dst_chain=umee-1}:relay{odata=659a16b8 ->Destination @1-7590085; len=1}: prepending Destination client update at height 1-7590086
2023-03-28T18:00:37.072448Z TRACE ThreadId(37) event_monitor{chain=juno-1}:ibc_channel event: extracted SendPacket(SendPacket { packet: seq:805663, path:channel-0/transfer->channel-42/transfer, toh:1-8915575, tos:Timestamp(NoTimestamp)) })
2023-03-28T18:00:37.072511Z TRACE ThreadId(37) event_monitor{chain=juno-1}:ibc_channel event: tx hash: 032A1A88E4723EEF518A91FF644B5ACCE856B6DF19EBB267D174521FD634C756 event="SendPacket"
2023-03-28T18:00:37.371171Z TRACE ThreadId(34) spawn:chain{chain=juno-1}:wallet{chain=juno-1}: wallet balance amount=154367 denom=ujuno account=juno1rhuzvew52vl2mnvlqllddadr8pgm58jpgh7d6s
2023-03-28T18:00:38.116980Z TRACE ThreadId(36) spawn:chain{chain=umee-1}:wallet{chain=umee-1}: wallet balance amount=899607 denom=uumee account=umee1fn5aq70qktp9qta9h3mnvfanx2zm4r34c3vvkx
2023-03-28T18:00:40.998063Z TRACE ThreadId(39) worker.batch{chain=juno-1}:supervisor.handle_batch{chain=juno-1}:supervisor.process_batch{chain=juno-1}:control.channel{channel=Channel(ChainId { id: "juno-1", version: 1 }, PortId("transfer"), ChannelId("channel-0"))}: controlling permissions
2023-03-28T18:00:40.998164Z TRACE ThreadId(39) worker.batch{chain=juno-1}:supervisor.handle_batch{chain=juno-1}:supervisor.process_batch{chain=juno-1}:control.channel{channel=Channel(ChainId { id: "juno-1", version: 1 }, PortId("transfer"), ChannelId("channel-0"))}: controlling permissions
2023-03-28T18:00:40.998223Z DEBUG ThreadId(39) worker.batch{chain=juno-1}:supervisor.handle_batch{chain=juno-1}:supervisor.process_batch{chain=juno-1}: denying relaying on object packet::channel-0/transfer:juno-1->osmosis-1, caused by: spawn error: missing chain config for 'osmosis-1' in configuration file
2023-03-28T18:00:40.998394Z TRACE ThreadId(39) worker.batch{chain=juno-1}:supervisor.handle_batch{chain=juno-1}:supervisor.process_batch{chain=juno-1}: skipping events for 'packet::channel-0/transfer:juno-1->osmosis-1'. reason: filtering is enabled and channel does not match any allowed channels
2023-03-28T18:00:43.908741Z TRACE ThreadId(31) worker.batch{chain=juno-1}:supervisor.handle_batch{chain=juno-1}:supervisor.process_batch{chain=juno-1}:worker.packet.cmd{src_chain=juno-1 src_port=transfer src_channel=channel-223 dst_chain=umee-1}:relay{odata=659a16b8 ->Destination @1-7590085; len=1}:foreign_client.wait_and_build_update_client_with_trusted{client=juno-1->umee-1:07-tendermint-178 target_height=1-7590086}:foreign_client.build_update_client_with_trusted{client=juno-1->umee-1:07-tendermint-178 target_height=1-7590086}: light client verification trusted=1-7589896 target=1-7590086
2023-03-28T18:00:44.196070Z TRACE ThreadId(36) spawn:chain{chain=umee-1}:wallet{chain=umee-1}: wallet balance amount=899607 denom=uumee account=umee1fn5aq70qktp9qta9h3mnvfanx2zm4r34c3vvkx
2023-03-28T18:00:50.240012Z TRACE ThreadId(36) spawn:chain{chain=umee-1}:wallet{chain=umee-1}: wallet balance amount=899607 denom=uumee account=umee1fn5aq70qktp9qta9h3mnvfanx2zm4r34c3vvkx
2023-03-28T18:00:53.039361Z TRACE ThreadId(31) worker.batch{chain=juno-1}:supervisor.handle_batch{chain=juno-1}:supervisor.process_batch{chain=juno-1}:worker.packet.cmd{src_chain=juno-1 src_port=transfer src_channel=channel-223 dst_chain=umee-1}:relay{odata=659a16b8 ->Destination @1-7590085; len=1}:foreign_client.wait_and_build_update_client_with_trusted{client=juno-1->umee-1:07-tendermint-178 target_height=1-7590086}:foreign_client.build_update_client_with_trusted{client=juno-1->umee-1:07-tendermint-178 target_height=1-7590086}: adjusting headers with 0 supporting headers trusted=1-7589896 target=7590086
2023-03-28T18:00:53.039493Z TRACE ThreadId(31) worker.batch{chain=juno-1}:supervisor.handle_batch{chain=juno-1}:supervisor.process_batch{chain=juno-1}:worker.packet.cmd{src_chain=juno-1 src_port=transfer src_channel=channel-223 dst_chain=umee-1}:relay{odata=659a16b8 ->Destination @1-7590085; len=1}:foreign_client.wait_and_build_update_client_with_trusted{client=juno-1->umee-1:07-tendermint-178 target_height=1-7590086}:foreign_client.build_update_client_with_trusted{client=juno-1->umee-1:07-tendermint-178 target_height=1-7590086}: fetching header height=1-7589897
2023-03-28T18:00:55.684179Z TRACE ThreadId(37) event_monitor{chain=juno-1}:ibc_channel event: extracted AcknowledgePacket(AcknowledgePacket { packet: seq:805661, path:channel-0/transfer->channel-42/transfer, toh:1-8915572, tos:Timestamp(NoTimestamp))})
2023-03-28T18:00:55.684286Z TRACE ThreadId(37) event_monitor{chain=juno-1}:ibc_channel event: extracted AcknowledgePacket(AcknowledgePacket { packet: seq:805662, path:channel-0/transfer->channel-42/transfer, toh:1-8915572, tos:Timestamp(NoTimestamp))})
2023-03-28T18:00:55.884202Z TRACE ThreadId(37) event_monitor{chain=juno-1}: extracted ibc_client event UpdateClient(UpdateClient { common: Attributes { client_id: 07-tendermint-0, client_type: ClientType(07-tendermint), consensus_height: 1-8915429 }, header: None })
2023-03-28T18:00:55.900769Z TRACE ThreadId(37) event_monitor{chain=juno-1}: extracted ibc_client event UpdateClient(UpdateClient { common: Attributes { client_id: 07-tendermint-0, client_type: ClientType(07-tendermint), consensus_height: 1-8915430 }, header: None })
2023-03-28T18:00:56.086006Z TRACE ThreadId(37) event_monitor{chain=juno-1}:ibc_channel event: extracted AcknowledgePacket(AcknowledgePacket { packet: seq:805663, path:channel-0/transfer->channel-42/transfer, toh:1-8915575, tos:Timestamp(NoTimestamp))})
2023-03-28T18:00:56.300649Z TRACE ThreadId(36) spawn:chain{chain=umee-1}:wallet{chain=umee-1}: wallet balance amount=899607 denom=uumee account=umee1fn5aq70qktp9qta9h3mnvfanx2zm4r34c3vvkx
2023-03-28T18:00:58.032680Z DEBUG ThreadId(235) worker.batch{chain=juno-1}:supervisor.handle_batch{chain=juno-1}:supervisor.process_batch{chain=juno-1}:worker.packet.cmd{src_chain=juno-1 src_port=transfer src_channel=channel-223 dst_chain=umee-1}:relay{odata=659a16b8 ->Destination @1-7590085; len=1}:foreign_client.wait_and_build_update_client_with_trusted{client=juno-1->umee-1:07-tendermint-178 target_height=1-7590086}:foreign_client.build_update_client_with_trusted{client=juno-1->umee-1:07-tendermint-178 target_height=1-7590086}: building a MsgUpdateAnyClient from trusted height 1-7589896 to target height 1-7590086
2023-03-28T18:00:58.033362Z  INFO ThreadId(235) worker.batch{chain=juno-1}:supervisor.handle_batch{chain=juno-1}:supervisor.process_batch{chain=juno-1}:worker.packet.cmd{src_chain=juno-1 src_port=transfer src_channel=channel-223 dst_chain=umee-1}:relay{odata=659a16b8 ->Destination @1-7590085; len=1}: assembled batch of 2 message(s)
2023-03-28T18:00:58.034712Z DEBUG ThreadId(32) worker.batch{chain=juno-1}:supervisor.handle_batch{chain=juno-1}:supervisor.process_batch{chain=juno-1}:worker.packet.cmd{src_chain=juno-1 src_port=transfer src_channel=channel-223 dst_chain=umee-1}:relay{odata=659a16b8 ->Destination @1-7590085; len=1}:send_messages_and_wait_check_tx{chain=umee-1 tracking_id=659a16b8}:send_tx_with_account_sequence_retry{chain=umee-1 account.sequence=35}: max fee, for use in tx simulation: Fee { amount: "80001uumee", gas_limit: 800000 }
2023-03-28T18:01:00.095140Z TRACE ThreadId(39) worker.batch{chain=juno-1}:supervisor.handle_batch{chain=juno-1}:supervisor.process_batch{chain=juno-1}:control.channel{channel=Channel(ChainId { id: "juno-1", version: 1 }, PortId("transfer"), ChannelId("channel-0"))}: controlling permissions
2023-03-28T18:01:00.095223Z TRACE ThreadId(39) worker.batch{chain=juno-1}:supervisor.handle_batch{chain=juno-1}:supervisor.process_batch{chain=juno-1}:control.channel{channel=Channel(ChainId { id: "juno-1", version: 1 }, PortId("transfer"), ChannelId("channel-0"))}: controlling permissions
2023-03-28T18:01:00.095268Z DEBUG ThreadId(39) worker.batch{chain=juno-1}:supervisor.handle_batch{chain=juno-1}:supervisor.process_batch{chain=juno-1}: denying relaying on object packet::channel-0/transfer:juno-1->osmosis-1, caused by: spawn error: missing chain config for 'osmosis-1' in configuration file
2023-03-28T18:01:00.095295Z TRACE ThreadId(39) worker.batch{chain=juno-1}:supervisor.handle_batch{chain=juno-1}:supervisor.process_batch{chain=juno-1}: skipping events for 'packet::channel-0/transfer:juno-1->osmosis-1'. reason: filtering is enabled and channel does not match any allowed channels
2023-03-28T18:01:00.658220Z DEBUG ThreadId(32) worker.batch{chain=juno-1}:supervisor.handle_batch{chain=juno-1}:supervisor.process_batch{chain=juno-1}:worker.packet.cmd{src_chain=juno-1 src_port=transfer src_channel=channel-223 dst_chain=umee-1}:relay{odata=659a16b8 ->Destination @1-7590085; len=1}:send_messages_and_wait_check_tx{chain=umee-1 tracking_id=659a16b8}:send_tx_with_account_sequence_retry{chain=umee-1 account.sequence=35}:estimate_gas: tx simulation successful, gas amount used: 554436
2023-03-28T18:01:00.658351Z DEBUG ThreadId(32) worker.batch{chain=juno-1}:supervisor.handle_batch{chain=juno-1}:supervisor.process_batch{chain=juno-1}:worker.packet.cmd{src_chain=juno-1 src_port=transfer src_channel=channel-223 dst_chain=umee-1}:relay{odata=659a16b8 ->Destination @1-7590085; len=1}:send_messages_and_wait_check_tx{chain=umee-1 tracking_id=659a16b8}:send_tx_with_account_sequence_retry{chain=umee-1 account.sequence=35}: send_tx: using 554436 gas, fee Fee { amount: "60988uumee", gas_limit: 609879 } id=umee-1
2023-03-28T18:01:01.490508Z DEBUG ThreadId(32) worker.batch{chain=juno-1}:supervisor.handle_batch{chain=juno-1}:supervisor.process_batch{chain=juno-1}:worker.packet.cmd{src_chain=juno-1 src_port=transfer src_channel=channel-223 dst_chain=umee-1}:relay{odata=659a16b8 ->Destination @1-7590085; len=1}:send_messages_and_wait_check_tx{chain=umee-1 tracking_id=659a16b8}:send_tx_with_account_sequence_retry{chain=umee-1 account.sequence=35}: gas estimation succeeded
2023-03-28T18:01:01.490627Z DEBUG ThreadId(32) worker.batch{chain=juno-1}:supervisor.handle_batch{chain=juno-1}:supervisor.process_batch{chain=juno-1}:worker.packet.cmd{src_chain=juno-1 src_port=transfer src_channel=channel-223 dst_chain=umee-1}:relay{odata=659a16b8 ->Destination @1-7590085; len=1}:send_messages_and_wait_check_tx{chain=umee-1 tracking_id=659a16b8}:send_tx_with_account_sequence_retry{chain=umee-1 account.sequence=35}: tx was successfully broadcasted, increasing account sequence number response=Response { code: Ok, data: b"", log: "[]", hash: Hash::Sha256(DD776E293C4D9B139A4EA2EA117BBA501A409B0E68136B85231D2ACDF624CD89) } account.sequence.old=35 account.sequence.new=36
2023-03-28T18:01:01.491176Z  INFO ThreadId(235) worker.batch{chain=juno-1}:supervisor.handle_batch{chain=juno-1}:supervisor.process_batch{chain=juno-1}:worker.packet.cmd{src_chain=juno-1 src_port=transfer src_channel=channel-223 dst_chain=umee-1}:relay{odata=659a16b8 ->Destination @1-7590085; len=1}: response(s): 1; Ok:DD776E293C4D9B139A4EA2EA117BBA501A409B0E68136B85231D2ACDF624CD89 target_chain=umee-1
2023-03-28T18:01:01.491229Z  INFO ThreadId(235) worker.batch{chain=juno-1}:supervisor.handle_batch{chain=juno-1}:supervisor.process_batch{chain=juno-1}:worker.packet.cmd{src_chain=juno-1 src_port=transfer src_channel=channel-223 dst_chain=umee-1}:relay{odata=659a16b8 ->Destination @1-7590085; len=1}: submitted
2023-03-28T18:01:03.079028Z TRACE ThreadId(34) spawn:chain{chain=juno-1}:wallet{chain=juno-1}: wallet balance amount=154367 denom=ujuno account=juno1rhuzvew52vl2mnvlqllddadr8pgm58jpgh7d6s
2023-03-28T18:01:03.345993Z TRACE ThreadId(36) spawn:chain{chain=umee-1}:wallet{chain=umee-1}: wallet balance amount=899607 denom=uumee account=umee1fn5aq70qktp9qta9h3mnvfanx2zm4r34c3vvkx
2023-03-28T18:01:06.700847Z TRACE ThreadId(38) event_monitor{chain=umee-1}:ibc_channel event: extracted WriteAcknowledgement(WriteAcknowledgement { packet: seq:1, path:channel-223/transfer->channel-50/transfer, toh:1-5846121, tos:Timestamp(NoTimestamp)), ack: [ 123, 34, 114, 101, 115, 117, 108, 116, 34, 58, 34, 65, 81, 61, 61, 34, 125 ] })
2023-03-28T18:01:06.739595Z TRACE ThreadId(38) event_monitor{chain=umee-1}: extracted ibc_client event UpdateClient(UpdateClient { common: Attributes { client_id: 07-tendermint-178, client_type: ClientType(07-tendermint), consensus_height: 1-7590086 }, header: None })
2023-03-28T18:01:09.336548Z TRACE ThreadId(36) spawn:chain{chain=umee-1}:wallet{chain=umee-1}: wallet balance amount=838619 denom=uumee account=umee1fn5aq70qktp9qta9h3mnvfanx2zm4r34c3vvkx
2023-03-28T18:01:10.497986Z TRACE ThreadId(34) spawn:chain{chain=juno-1}:wallet{chain=juno-1}: wallet balance amount=154367 denom=ujuno account=juno1rhuzvew52vl2mnvlqllddadr8pgm58jpgh7d6s
2023-03-28T18:01:13.720598Z TRACE ThreadId(40) worker.batch{chain=umee-1}:supervisor.handle_batch{chain=umee-1}:supervisor.process_batch{chain=umee-1}: controlling permissions
2023-03-28T18:01:13.720683Z TRACE ThreadId(40) worker.batch{chain=umee-1}:supervisor.handle_batch{chain=umee-1}:supervisor.process_batch{chain=umee-1}: cache hit permission=Allow
2023-03-28T18:01:13.720766Z TRACE ThreadId(40) worker.batch{chain=umee-1}:supervisor.handle_batch{chain=umee-1}:supervisor.process_batch{chain=umee-1}:control.channel{channel=Channel(ChainId { id: "umee-1", version: 1 }, PortId("transfer"), ChannelId("channel-50"))}: controlling permissions
2023-03-28T18:01:13.720830Z TRACE ThreadId(40) worker.batch{chain=umee-1}:supervisor.handle_batch{chain=umee-1}:supervisor.process_batch{chain=umee-1}:control.channel{channel=Channel(ChainId { id: "umee-1", version: 1 }, PortId("transfer"), ChannelId("channel-50"))}: cache hit permission=Allow
2023-03-28T18:01:14.931322Z DEBUG ThreadId(40) worker.batch{chain=umee-1}:supervisor.handle_batch{chain=umee-1}:supervisor.process_batch{chain=umee-1}:worker.packet.cmd{src_chain=umee-1 src_port=transfer src_channel=channel-50 dst_chain=juno-1}: spawning task
2023-03-28T18:01:14.931514Z DEBUG ThreadId(40) worker.batch{chain=umee-1}:supervisor.handle_batch{chain=umee-1}:supervisor.process_batch{chain=umee-1}:worker.packet{src_chain=umee-1 src_port=transfer src_channel=channel-50 dst_chain=juno-1}: spawning task
2023-03-28T18:01:15.445241Z TRACE ThreadId(36) spawn:chain{chain=umee-1}:wallet{chain=umee-1}: wallet balance amount=838619 denom=uumee account=umee1fn5aq70qktp9qta9h3mnvfanx2zm4r34c3vvkx
2023-03-28T18:01:16.112916Z TRACE ThreadId(34) spawn:chain{chain=juno-1}:wallet{chain=juno-1}: wallet balance amount=154367 denom=ujuno account=juno1rhuzvew52vl2mnvlqllddadr8pgm58jpgh7d6s
2023-03-28T18:01:18.924484Z TRACE ThreadId(37) event_monitor{chain=juno-1}:ibc_channel event: extracted SendPacket(SendPacket { packet: seq:805664, path:channel-0/transfer->channel-42/transfer, toh:no timeout, tos:Timestamp(2023-03-29T18:01:04Z)) })
2023-03-28T18:01:18.924523Z TRACE ThreadId(37) event_monitor{chain=juno-1}:ibc_channel event: tx hash: CC53EB16ED9484B838CEA7F1DC46C013550593295E2614FCF754C4AAF463B0F5 event="SendPacket"
2023-03-28T18:01:19.507257Z DEBUG ThreadId(255) worker.batch{chain=umee-1}:supervisor.handle_batch{chain=umee-1}:supervisor.process_batch{chain=umee-1}:worker.packet.cmd{src_chain=umee-1 src_port=transfer src_channel=channel-50 dst_chain=juno-1}:schedule_packet_clearing{height=Some(Height { revision: 1, height: 5845985 })}:relay_pending_packets{height=Some(Height { revision: 1, height: 5845984 })}:build_packet_ack_msgs{query_height=1-5845984}: sequence numbers of ack packets to send to the destination chain out of the ones with acknowledgments on the source chain dst_chain=juno-1 src_chain=umee-1 total=1 sequences=1..=1
2023-03-28T18:01:20.734112Z TRACE ThreadId(32) worker.batch{chain=umee-1}:supervisor.handle_batch{chain=umee-1}:supervisor.process_batch{chain=umee-1}:worker.packet.cmd{src_chain=umee-1 src_port=transfer src_channel=channel-50 dst_chain=juno-1}:schedule_packet_clearing{height=Some(Height { revision: 1, height: 5845985 })}:relay_pending_packets{height=Some(Height { revision: 1, height: 5845984 })}:build_packet_ack_msgs{query_height=1-5845984}:query_write_ack_packet_events{chain=umee-1 height=<=1-5845984 sequences=[Sequence(1)]}: start_block_events []
2023-03-28T18:01:20.734348Z TRACE ThreadId(32) worker.batch{chain=umee-1}:supervisor.handle_batch{chain=umee-1}:supervisor.process_batch{chain=umee-1}:worker.packet.cmd{src_chain=umee-1 src_port=transfer src_channel=channel-50 dst_chain=juno-1}:schedule_packet_clearing{height=Some(Height { revision: 1, height: 5845985 })}:relay_pending_packets{height=Some(Height { revision: 1, height: 5845984 })}:build_packet_ack_msgs{query_height=1-5845984}:query_write_ack_packet_events{chain=umee-1 height=<=1-5845984 sequences=[Sequence(1)]}: tx_events []
2023-03-28T18:01:20.734650Z TRACE ThreadId(32) worker.batch{chain=umee-1}:supervisor.handle_batch{chain=umee-1}:supervisor.process_batch{chain=umee-1}:worker.packet.cmd{src_chain=umee-1 src_port=transfer src_channel=channel-50 dst_chain=juno-1}:schedule_packet_clearing{height=Some(Height { revision: 1, height: 5845985 })}:relay_pending_packets{height=Some(Height { revision: 1, height: 5845984 })}:build_packet_ack_msgs{query_height=1-5845984}:query_write_ack_packet_events{chain=umee-1 height=<=1-5845984 sequences=[Sequence(1)]}: end_block_events []
2023-03-28T18:01:20.735007Z  INFO ThreadId(255) worker.batch{chain=umee-1}:supervisor.handle_batch{chain=umee-1}:supervisor.process_batch{chain=umee-1}:worker.packet.cmd{src_chain=umee-1 src_port=transfer src_channel=channel-50 dst_chain=juno-1}:schedule_packet_clearing{height=Some(Height { revision: 1, height: 5845985 })}:relay_pending_packets{height=Some(Height { revision: 1, height: 5845984 })}:build_packet_ack_msgs{query_height=1-5845984}: pulled packet data for 0 events out of 1 sequences: 1..=1; events.total=1 events.left=0
2023-03-28T18:01:20.735056Z DEBUG ThreadId(255) worker.batch{chain=umee-1}:supervisor.handle_batch{chain=umee-1}:supervisor.process_batch{chain=umee-1}:worker.packet.cmd{src_chain=umee-1 src_port=transfer src_channel=channel-50 dst_chain=juno-1}:schedule_packet_clearing{height=Some(Height { revision: 1, height: 5845985 })}: done relaying pending packets at clear height height=Some(Height { revision: 1, height: 5845984 })
2023-03-28T18:01:21.758767Z TRACE ThreadId(255) worker.batch{chain=umee-1}:supervisor.handle_batch{chain=umee-1}:supervisor.process_batch{chain=umee-1}:worker.packet.cmd{src_chain=umee-1 src_port=transfer src_channel=channel-50 dst_chain=juno-1}:update_schedule{batch.tracking_id=e7a6a769 batch.height=1-5845985}:generate_operational_data{tracking_id=e7a6a769}: processing event event=WriteAcknowledgement(WriteAcknowledgement { packet: seq:1, path:channel-223/transfer->channel-50/transfer, toh:1-5846121, tos:Timestamp(NoTimestamp)), ack: [ 123, 34, 114, 101, 115, 117, 108, 116, 34, 58, 34, 65, 81, 61, 61, 34, 125 ] }) at height 1-5845985
2023-03-28T18:01:22.787459Z TRACE ThreadId(36) spawn:chain{chain=umee-1}:wallet{chain=umee-1}: wallet balance amount=838619 denom=uumee account=umee1fn5aq70qktp9qta9h3mnvfanx2zm4r34c3vvkx
2023-03-28T18:01:25.139231Z TRACE ThreadId(34) spawn:chain{chain=juno-1}:wallet{chain=juno-1}: wallet balance amount=154367 denom=ujuno account=juno1rhuzvew52vl2mnvlqllddadr8pgm58jpgh7d6s
2023-03-28T18:01:27.446728Z TRACE ThreadId(255) worker.batch{chain=umee-1}:supervisor.handle_batch{chain=umee-1}:supervisor.process_batch{chain=umee-1}:worker.packet.cmd{src_chain=umee-1 src_port=transfer src_channel=channel-50 dst_chain=juno-1}:update_schedule{batch.tracking_id=e7a6a769 batch.height=1-5845985}:generate_operational_data{tracking_id=e7a6a769}: built acknowledgment msg packet=seq:1, path:channel-223/transfer->channel-50/transfer, toh:1-5846121, tos:Timestamp(NoTimestamp)) height=1-5845986
2023-03-28T18:01:27.446802Z TRACE ThreadId(255) worker.batch{chain=umee-1}:supervisor.handle_batch{chain=umee-1}:supervisor.process_batch{chain=umee-1}:worker.packet.cmd{src_chain=umee-1 src_port=transfer src_channel=channel-50 dst_chain=juno-1}:update_schedule{batch.tracking_id=e7a6a769 batch.height=1-5845985}:generate_operational_data{tracking_id=e7a6a769}: collected event msg.type_url=/ibc.core.channel.v1.MsgAcknowledgement event=WriteAcknowledgement(WriteAcknowledgement { packet: seq:1, path:channel-223/transfer->channel-50/transfer, toh:1-5846121, tos:Timestamp(NoTimestamp)), ack: [ 123, 34, 114, 101, 115, 117, 108, 116, 34, 58, 34, 65, 81, 61, 61, 34, 125 ] }) at height 1-5845985
2023-03-28T18:01:27.446911Z DEBUG ThreadId(255) worker.batch{chain=umee-1}:supervisor.handle_batch{chain=umee-1}:supervisor.process_batch{chain=umee-1}:worker.packet.cmd{src_chain=umee-1 src_port=transfer src_channel=channel-50 dst_chain=juno-1}:update_schedule{batch.tracking_id=e7a6a769 batch.height=1-5845985}:schedule{odata=e7a6a769 ->Destination @1-5845985; len=1}: connection delay need not be taken into account: client update message will be prepended later
2023-03-28T18:01:28.840579Z TRACE ThreadId(36) spawn:chain{chain=umee-1}:wallet{chain=umee-1}: wallet balance amount=838619 denom=uumee account=umee1fn5aq70qktp9qta9h3mnvfanx2zm4r34c3vvkx
2023-03-28T18:01:29.599310Z TRACE ThreadId(39) worker.batch{chain=juno-1}:supervisor.handle_batch{chain=juno-1}:supervisor.process_batch{chain=juno-1}:control.channel{channel=Channel(ChainId { id: "juno-1", version: 1 }, PortId("transfer"), ChannelId("channel-0"))}: controlling permissions
2023-03-28T18:01:29.599406Z TRACE ThreadId(39) worker.batch{chain=juno-1}:supervisor.handle_batch{chain=juno-1}:supervisor.process_batch{chain=juno-1}:control.channel{channel=Channel(ChainId { id: "juno-1", version: 1 }, PortId("transfer"), ChannelId("channel-0"))}: controlling permissions
2023-03-28T18:01:29.599444Z DEBUG ThreadId(39) worker.batch{chain=juno-1}:supervisor.handle_batch{chain=juno-1}:supervisor.process_batch{chain=juno-1}: denying relaying on object packet::channel-0/transfer:juno-1->osmosis-1, caused by: spawn error: missing chain config for 'osmosis-1' in configuration file
2023-03-28T18:01:29.599465Z TRACE ThreadId(39) worker.batch{chain=juno-1}:supervisor.handle_batch{chain=juno-1}:supervisor.process_batch{chain=juno-1}: skipping events for 'packet::channel-0/transfer:juno-1->osmosis-1'. reason: filtering is enabled and channel does not match any allowed channels
2023-03-28T18:01:30.505296Z DEBUG ThreadId(255) worker.batch{chain=umee-1}:supervisor.handle_batch{chain=umee-1}:supervisor.process_batch{chain=umee-1}:worker.packet.cmd{src_chain=umee-1 src_port=transfer src_channel=channel-50 dst_chain=juno-1}:relay{odata=e7a6a769 ->Destination @1-5845985; len=1}: retrying retry.current=1 retry.max=5
2023-03-28T18:01:30.505381Z DEBUG ThreadId(255) worker.batch{chain=umee-1}:supervisor.handle_batch{chain=umee-1}:supervisor.process_batch{chain=umee-1}:worker.packet.cmd{src_chain=umee-1 src_port=transfer src_channel=channel-50 dst_chain=juno-1}:relay{odata=e7a6a769 ->Destination @1-5845985; len=1}: prepending Destination client update at height 1-5845986
2023-03-28T18:01:35.219451Z TRACE ThreadId(36) spawn:chain{chain=umee-1}:wallet{chain=umee-1}: wallet balance amount=838619 denom=uumee account=umee1fn5aq70qktp9qta9h3mnvfanx2zm4r34c3vvkx
2023-03-28T18:01:35.704538Z TRACE ThreadId(34) spawn:chain{chain=juno-1}:wallet{chain=juno-1}: wallet balance amount=154367 denom=ujuno account=juno1rhuzvew52vl2mnvlqllddadr8pgm58jpgh7d6s
2023-03-28T18:01:36.583740Z TRACE ThreadId(37) event_monitor{chain=juno-1}:ibc_channel event: extracted SendPacket(SendPacket { packet: seq:805665, path:channel-0/transfer->channel-42/transfer, toh:1-8915586, tos:Timestamp(NoTimestamp)) })
2023-03-28T18:01:36.583820Z TRACE ThreadId(37) event_monitor{chain=juno-1}:ibc_channel event: tx hash: 786A768F28ADD9A7E24E04A31F97298FF8F4C30B84C639763FEE34CE22F9CFC7 event="SendPacket"
2023-03-28T18:01:36.854811Z TRACE ThreadId(32) worker.batch{chain=umee-1}:supervisor.handle_batch{chain=umee-1}:supervisor.process_batch{chain=umee-1}:worker.packet.cmd{src_chain=umee-1 src_port=transfer src_channel=channel-50 dst_chain=juno-1}:relay{odata=e7a6a769 ->Destination @1-5845985; len=1}:foreign_client.wait_and_build_update_client_with_trusted{client=umee-1->juno-1:07-tendermint-333 target_height=1-5845986}:foreign_client.build_update_client_with_trusted{client=umee-1->juno-1:07-tendermint-333 target_height=1-5845986}: light client verification trusted=1-5845775 target=1-5845986
2023-03-28T18:01:42.047391Z TRACE ThreadId(32) worker.batch{chain=umee-1}:supervisor.handle_batch{chain=umee-1}:supervisor.process_batch{chain=umee-1}:worker.packet.cmd{src_chain=umee-1 src_port=transfer src_channel=channel-50 dst_chain=juno-1}:relay{odata=e7a6a769 ->Destination @1-5845985; len=1}:foreign_client.wait_and_build_update_client_with_trusted{client=umee-1->juno-1:07-tendermint-333 target_height=1-5845986}:foreign_client.build_update_client_with_trusted{client=umee-1->juno-1:07-tendermint-333 target_height=1-5845986}: adjusting headers with 0 supporting headers trusted=1-5845775 target=5845986
2023-03-28T18:01:42.047595Z TRACE ThreadId(32) worker.batch{chain=umee-1}:supervisor.handle_batch{chain=umee-1}:supervisor.process_batch{chain=umee-1}:worker.packet.cmd{src_chain=umee-1 src_port=transfer src_channel=channel-50 dst_chain=juno-1}:relay{odata=e7a6a769 ->Destination @1-5845985; len=1}:foreign_client.wait_and_build_update_client_with_trusted{client=umee-1->juno-1:07-tendermint-333 target_height=1-5845986}:foreign_client.build_update_client_with_trusted{client=umee-1->juno-1:07-tendermint-333 target_height=1-5845986}: fetching header height=1-5845776
2023-03-28T18:01:43.294068Z TRACE ThreadId(34) spawn:chain{chain=juno-1}:wallet{chain=juno-1}: wallet balance amount=154367 denom=ujuno account=juno1rhuzvew52vl2mnvlqllddadr8pgm58jpgh7d6s
2023-03-28T18:01:43.301483Z TRACE ThreadId(37) event_monitor{chain=juno-1}: extracted ibc_client event UpdateClient(UpdateClient { common: Attributes { client_id: 07-tendermint-0, client_type: ClientType(07-tendermint), consensus_height: 1-8915438 }, header: None })
2023-03-28T18:01:43.496932Z TRACE ThreadId(37) event_monitor{chain=juno-1}:ibc_channel event: extracted AcknowledgePacket(AcknowledgePacket { packet: seq:805664, path:channel-0/transfer->channel-42/transfer, toh:no timeout, tos:Timestamp(2023-03-29T18:01:04Z))})
2023-03-28T18:01:44.013298Z TRACE ThreadId(39) worker.batch{chain=juno-1}:supervisor.handle_batch{chain=juno-1}:supervisor.process_batch{chain=juno-1}:control.channel{channel=Channel(ChainId { id: "juno-1", version: 1 }, PortId("transfer"), ChannelId("channel-0"))}: controlling permissions
2023-03-28T18:01:44.013392Z TRACE ThreadId(39) worker.batch{chain=juno-1}:supervisor.handle_batch{chain=juno-1}:supervisor.process_batch{chain=juno-1}:control.channel{channel=Channel(ChainId { id: "juno-1", version: 1 }, PortId("transfer"), ChannelId("channel-0"))}: controlling permissions
2023-03-28T18:01:44.013426Z DEBUG ThreadId(39) worker.batch{chain=juno-1}:supervisor.handle_batch{chain=juno-1}:supervisor.process_batch{chain=juno-1}: denying relaying on object packet::channel-0/transfer:juno-1->osmosis-1, caused by: spawn error: missing chain config for 'osmosis-1' in configuration file
2023-03-28T18:01:44.013443Z TRACE ThreadId(39) worker.batch{chain=juno-1}:supervisor.handle_batch{chain=juno-1}:supervisor.process_batch{chain=juno-1}: skipping events for 'packet::channel-0/transfer:juno-1->osmosis-1'. reason: filtering is enabled and channel does not match any allowed channels
2023-03-28T18:01:47.320479Z DEBUG ThreadId(255) worker.batch{chain=umee-1}:supervisor.handle_batch{chain=umee-1}:supervisor.process_batch{chain=umee-1}:worker.packet.cmd{src_chain=umee-1 src_port=transfer src_channel=channel-50 dst_chain=juno-1}:relay{odata=e7a6a769 ->Destination @1-5845985; len=1}:foreign_client.wait_and_build_update_client_with_trusted{client=umee-1->juno-1:07-tendermint-333 target_height=1-5845986}:foreign_client.build_update_client_with_trusted{client=umee-1->juno-1:07-tendermint-333 target_height=1-5845986}: building a MsgUpdateAnyClient from trusted height 1-5845775 to target height 1-5845986
2023-03-28T18:01:47.321238Z  INFO ThreadId(255) worker.batch{chain=umee-1}:supervisor.handle_batch{chain=umee-1}:supervisor.process_batch{chain=umee-1}:worker.packet.cmd{src_chain=umee-1 src_port=transfer src_channel=channel-50 dst_chain=juno-1}:relay{odata=e7a6a769 ->Destination @1-5845985; len=1}: assembled batch of 2 message(s)
2023-03-28T18:01:48.161971Z DEBUG ThreadId(31) worker.batch{chain=umee-1}:supervisor.handle_batch{chain=umee-1}:supervisor.process_batch{chain=umee-1}:worker.packet.cmd{src_chain=umee-1 src_port=transfer src_channel=channel-50 dst_chain=juno-1}:relay{odata=e7a6a769 ->Destination @1-5845985; len=1}:send_messages_and_wait_check_tx{chain=juno-1 tracking_id=e7a6a769}:send_tx_with_account_sequence_retry{chain=juno-1 account.sequence=70}: max fee, for use in tx simulation: Fee { amount: "80001ujuno", gas_limit: 800000 }
2023-03-28T18:01:48.930382Z ERROR ThreadId(31) worker.batch{chain=umee-1}:supervisor.handle_batch{chain=umee-1}:supervisor.process_batch{chain=umee-1}:worker.packet.cmd{src_chain=umee-1 src_port=transfer src_channel=channel-50 dst_chain=juno-1}:relay{odata=e7a6a769 ->Destination @1-5845985; len=1}:send_messages_and_wait_check_tx{chain=juno-1 tracking_id=e7a6a769}:send_tx_with_account_sequence_retry{chain=juno-1 account.sequence=70}:estimate_gas: failed to simulate tx. propagating error to caller: gRPC call failed with status: status: Unknown, message: "account sequence mismatch, expected 71, got 70: incorrect account sequence [cosmos/cosmos-sdk@v0.45.14/x/auth/ante/sigverify.go:265] With gas wanted: '100000000' and gas used: '306234' ", details: [], metadata: MetadataMap { headers: {"date": "Tue, 28 Mar 2023 18:01:48 GMT", "content-type": "application/grpc", "alt-svc": "h3=\":443\"; ma=86400, h3-29=\":443\"; ma=86400", "ratelimit-policy": "100; w=60", "ratelimit-policy": "100; w=60", "ratelimit-policy": "150; w=60", "ratelimit-policy": "5; w=1", "ratelimit-policy": "5; w=1", "ratelimit-policy": "10; w=1", "x-cosmos-block-height": "7590102", "cf-cache-status": "DYNAMIC", "report-to": "{\"endpoints\":[{\"url\":\"https:\/\/a.nel.cloudflare.com\/report\/v3?s=5MMRyKR5rNBB2IO0pe%2BZ%2FpzsFRfdiJpCG9RVnMscL5Fe9g1Ojkzvz8tht7%2FXL8%2FFKzKQ%2Fxl8DK9LBA46TsFFa42XafzS%2FW5dDM7n30tYPEAi1B0QwNWF7BfpfBRJtpzBbDxKDnbbG616z0ycUA%3D%3D\"}],\"group\":\"cf-nel\",\"max_age\":604800}", "nel": "{\"success_fraction\":0,\"report_to\":\"cf-nel\",\"max_age\":604800}", "server": "cloudflare", "cf-ray": "7af1c7cdadfb8ef8-HKG"} }
2023-03-28T18:01:48.931025Z  WARN ThreadId(31) worker.batch{chain=umee-1}:supervisor.handle_batch{chain=umee-1}:supervisor.process_batch{chain=umee-1}:worker.packet.cmd{src_chain=umee-1 src_port=transfer src_channel=channel-50 dst_chain=juno-1}:relay{odata=e7a6a769 ->Destination @1-5845985; len=1}:send_messages_and_wait_check_tx{chain=juno-1 tracking_id=e7a6a769}:send_tx_with_account_sequence_retry{chain=juno-1 account.sequence=70}: failed to estimate gas because of a mismatched account sequence number, refreshing account sequence number and retrying once error=gRPC call failed with status: status: Unknown, message: "account sequence mismatch, expected 71, got 70: incorrect account sequence [cosmos/cosmos-sdk@v0.45.14/x/auth/ante/sigverify.go:265] With gas wanted: '100000000' and gas used: '306234' ", details: [], metadata: MetadataMap { headers: {"date": "Tue, 28 Mar 2023 18:01:48 GMT", "content-type": "application/grpc", "alt-svc": "h3=\":443\"; ma=86400, h3-29=\":443\"; ma=86400", "ratelimit-policy": "100; w=60", "ratelimit-policy": "100; w=60", "ratelimit-policy": "150; w=60", "ratelimit-policy": "5; w=1", "ratelimit-policy": "5; w=1", "ratelimit-policy": "10; w=1", "x-cosmos-block-height": "7590102", "cf-cache-status": "DYNAMIC", "report-to": "{\"endpoints\":[{\"url\":\"https:\/\/a.nel.cloudflare.com\/report\/v3?s=5MMRyKR5rNBB2IO0pe%2BZ%2FpzsFRfdiJpCG9RVnMscL5Fe9g1Ojkzvz8tht7%2FXL8%2FFKzKQ%2Fxl8DK9LBA46TsFFa42XafzS%2FW5dDM7n30tYPEAi1B0QwNWF7BfpfBRJtpzBbDxKDnbbG616z0ycUA%3D%3D\"}],\"group\":\"cf-nel\",\"max_age\":604800}", "nel": "{\"success_fraction\":0,\"report_to\":\"cf-nel\",\"max_age\":604800}", "server": "cloudflare", "cf-ray": "7af1c7cdadfb8ef8-HKG"} }
2023-03-28T18:01:49.278435Z TRACE ThreadId(36) spawn:chain{chain=umee-1}:wallet{chain=umee-1}: wallet balance amount=838619 denom=uumee account=umee1fn5aq70qktp9qta9h3mnvfanx2zm4r34c3vvkx
2023-03-28T18:01:49.511064Z TRACE ThreadId(37) event_monitor{chain=juno-1}: extracted ibc_client event UpdateClient(UpdateClient { common: Attributes { client_id: 07-tendermint-0, client_type: ClientType(07-tendermint), consensus_height: 1-8915411 }, header: None })
2023-03-28T18:01:49.548220Z  INFO ThreadId(31) worker.batch{chain=umee-1}:supervisor.handle_batch{chain=umee-1}:supervisor.process_batch{chain=umee-1}:worker.packet.cmd{src_chain=umee-1 src_port=transfer src_channel=channel-50 dst_chain=juno-1}:relay{odata=e7a6a769 ->Destination @1-5845985; len=1}:send_messages_and_wait_check_tx{chain=juno-1 tracking_id=e7a6a769}:send_tx_with_account_sequence_retry{chain=juno-1 account.sequence=70}: refresh: retrieved account sequence=71 number=477814
2023-03-28T18:01:49.706297Z TRACE ThreadId(37) event_monitor{chain=juno-1}:ibc_channel event: extracted AcknowledgePacket(AcknowledgePacket { packet: seq:805659, path:channel-0/transfer->channel-42/transfer, toh:no timeout, tos:Timestamp(2023-03-28T18:03:39.536999936Z))})
2023-03-28T18:01:49.737328Z TRACE ThreadId(37) event_monitor{chain=juno-1}: extracted ibc_client event UpdateClient(UpdateClient { common: Attributes { client_id: 07-tendermint-0, client_type: ClientType(07-tendermint), consensus_height: 1-8915438 }, header: None })
2023-03-28T18:01:49.853303Z DEBUG ThreadId(31) worker.batch{chain=umee-1}:supervisor.handle_batch{chain=umee-1}:supervisor.process_batch{chain=umee-1}:worker.packet.cmd{src_chain=umee-1 src_port=transfer src_channel=channel-50 dst_chain=juno-1}:relay{odata=e7a6a769 ->Destination @1-5845985; len=1}:send_messages_and_wait_check_tx{chain=juno-1 tracking_id=e7a6a769}:send_tx_with_account_sequence_retry{chain=juno-1 account.sequence=70}: max fee, for use in tx simulation: Fee { amount: "80001ujuno", gas_limit: 800000 }
2023-03-28T18:01:49.915353Z TRACE ThreadId(37) event_monitor{chain=juno-1}:ibc_channel event: extracted AcknowledgePacket(AcknowledgePacket { packet: seq:805664, path:channel-0/transfer->channel-42/transfer, toh:no timeout, tos:Timestamp(2023-03-29T18:01:04Z))})
2023-03-28T18:01:51.680010Z DEBUG ThreadId(31) worker.batch{chain=umee-1}:supervisor.handle_batch{chain=umee-1}:supervisor.process_batch{chain=umee-1}:worker.packet.cmd{src_chain=umee-1 src_port=transfer src_channel=channel-50 dst_chain=juno-1}:relay{odata=e7a6a769 ->Destination @1-5845985; len=1}:send_messages_and_wait_check_tx{chain=juno-1 tracking_id=e7a6a769}:send_tx_with_account_sequence_retry{chain=juno-1 account.sequence=70}:estimate_gas: tx simulation successful, gas amount used: 375189
2023-03-28T18:01:51.680169Z DEBUG ThreadId(31) worker.batch{chain=umee-1}:supervisor.handle_batch{chain=umee-1}:supervisor.process_batch{chain=umee-1}:worker.packet.cmd{src_chain=umee-1 src_port=transfer src_channel=channel-50 dst_chain=juno-1}:relay{odata=e7a6a769 ->Destination @1-5845985; len=1}:send_messages_and_wait_check_tx{chain=juno-1 tracking_id=e7a6a769}:send_tx_with_account_sequence_retry{chain=juno-1 account.sequence=70}: send_tx: using 375189 gas, fee Fee { amount: "41271ujuno", gas_limit: 412707 } id=juno-1
2023-03-28T18:01:52.474472Z  INFO ThreadId(255) worker.batch{chain=umee-1}:supervisor.handle_batch{chain=umee-1}:supervisor.process_batch{chain=umee-1}:worker.packet.cmd{src_chain=umee-1 src_port=transfer src_channel=channel-50 dst_chain=juno-1}:relay{odata=e7a6a769 ->Destination @1-5845985; len=1}: response(s): 1; Ok:4E4A67BB3CE813953544D4BEF099848654E014CF49EF9470902457AEFF20F5B6 target_chain=juno-1
2023-03-28T18:01:52.474550Z  INFO ThreadId(255) worker.batch{chain=umee-1}:supervisor.handle_batch{chain=umee-1}:supervisor.process_batch{chain=umee-1}:worker.packet.cmd{src_chain=umee-1 src_port=transfer src_channel=channel-50 dst_chain=juno-1}:relay{odata=e7a6a769 ->Destination @1-5845985; len=1}: submitted
2023-03-28T18:01:54.078261Z DEBUG ThreadId(231) worker.batch{chain=juno-1}:supervisor.handle_batch{chain=juno-1}:supervisor.process_batch{chain=juno-1}:worker.packet.cmd{src_chain=juno-1 src_port=transfer src_channel=channel-208 dst_chain=umee-1}:schedule_packet_clearing{height=Some(Height { revision: 1, height: 7590100 })}: done relaying pending packets at clear height height=Some(Height { revision: 1, height: 7590099 })
2023-03-28T18:01:55.426322Z TRACE ThreadId(37) event_monitor{chain=juno-1}:ibc_channel event: extracted WriteAcknowledgement(WriteAcknowledgement { packet: seq:125512, path:channel-207/transfer->channel-1/transfer, toh:no timeout, tos:Timestamp(2023-03-29T18:01:32Z)), ack: [ 123, 34, 114, 101, 115, 117, 108, 116, 34, 58, 34, 65, 81, 61, 61, 34, 125 ] })
2023-03-28T18:01:55.485395Z TRACE ThreadId(36) spawn:chain{chain=umee-1}:wallet{chain=umee-1}: wallet balance amount=838619 denom=uumee account=umee1fn5aq70qktp9qta9h3mnvfanx2zm4r34c3vvkx
2023-03-28T18:01:55.634672Z TRACE ThreadId(37) event_monitor{chain=juno-1}: extracted ibc_client event UpdateClient(UpdateClient { common: Attributes { client_id: 07-tendermint-3, client_type: ClientType(07-tendermint), consensus_height: 4-14655133 }, header: None })
2023-03-28T18:01:55.815893Z TRACE ThreadId(37) event_monitor{chain=juno-1}: extracted ibc_client event UpdateClient(UpdateClient { common: Attributes { client_id: 07-tendermint-333, client_type: ClientType(07-tendermint), consensus_height: 1-5845986 }, header: None })
2023-03-28T18:01:55.842848Z TRACE ThreadId(37) event_monitor{chain=juno-1}:ibc_channel event: extracted AcknowledgePacket(AcknowledgePacket { packet: seq:1, path:channel-223/transfer->channel-50/transfer, toh:1-5846121, tos:Timestamp(NoTimestamp))})
2023-03-28T18:01:57.662688Z DEBUG ThreadId(235) worker.batch{chain=juno-1}:supervisor.handle_batch{chain=juno-1}:supervisor.process_batch{chain=juno-1}:worker.packet.cmd{src_chain=juno-1 src_port=transfer src_channel=channel-223 dst_chain=umee-1}:schedule_packet_clearing{height=Some(Height { revision: 1, height: 7590100 })}: done relaying pending packets at clear height height=Some(Height { revision: 1, height: 7590099 })
2023-03-28T18:01:59.438021Z TRACE ThreadId(34) spawn:chain{chain=juno-1}:wallet{chain=juno-1}: wallet balance amount=113096 denom=ujuno account=juno1rhuzvew52vl2mnvlqllddadr8pgm58jpgh7d6s
2023-03-28T18:02:01.390857Z TRACE ThreadId(37) event_monitor{chain=juno-1}: extracted ibc_client event UpdateClient(UpdateClient { common: Attributes { client_id: 07-tendermint-0, client_type: ClientType(07-tendermint), consensus_height: 1-8915441 }, header: None })
2023-03-28T18:02:01.602811Z TRACE ThreadId(37) event_monitor{chain=juno-1}:ibc_channel event: extracted AcknowledgePacket(AcknowledgePacket { packet: seq:805665, path:channel-0/transfer->channel-42/transfer, toh:1-8915586, tos:Timestamp(NoTimestamp))})
2023-03-28T18:02:01.766617Z TRACE ThreadId(36) spawn:chain{chain=umee-1}:wallet{chain=umee-1}: wallet balance amount=838619 denom=uumee account=umee1fn5aq70qktp9qta9h3mnvfanx2zm4r34c3vvkx
2023-03-28T18:02:06.936300Z TRACE ThreadId(37) event_monitor{chain=juno-1}:ibc_channel event: extracted SendPacket(SendPacket { packet: seq:5333, path:channel-210/transfer->channel-1/transfer, toh:no timeout, tos:Timestamp(2023-03-28T18:11:57Z)) })
2023-03-28T18:02:06.936356Z TRACE ThreadId(37) event_monitor{chain=juno-1}:ibc_channel event: tx hash: F03B089F54077E4A5A4C5CFF9BEA2E9A57648598F97DA65051FBEF9419CE719C event="SendPacket"
2023-03-28T18:02:08.338803Z TRACE ThreadId(36) spawn:chain{chain=umee-1}:wallet{chain=umee-1}: wallet balance amount=838619 denom=uumee account=umee1fn5aq70qktp9qta9h3mnvfanx2zm4r34c3vvkx
2023-03-28T18:02:09.898054Z TRACE ThreadId(39) worker.batch{chain=juno-1}:supervisor.handle_batch{chain=juno-1}:supervisor.process_batch{chain=juno-1}: controlling permissions
2023-03-28T18:02:09.898143Z TRACE ThreadId(39) worker.batch{chain=juno-1}:supervisor.handle_batch{chain=juno-1}:supervisor.process_batch{chain=juno-1}: cache hit permission=Allow
2023-03-28T18:02:09.898219Z TRACE ThreadId(39) worker.batch{chain=juno-1}:supervisor.handle_batch{chain=juno-1}:supervisor.process_batch{chain=juno-1}:control.channel{channel=Channel(ChainId { id: "juno-1", version: 1 }, PortId("transfer"), ChannelId("channel-1"))}: controlling permissions
2023-03-28T18:02:10.518286Z TRACE ThreadId(34) spawn:chain{chain=juno-1}:wallet{chain=juno-1}: wallet balance amount=113096 denom=ujuno account=juno1rhuzvew52vl2mnvlqllddadr8pgm58jpgh7d6s
2023-03-28T18:02:13.636195Z TRACE ThreadId(39) worker.batch{chain=juno-1}:supervisor.handle_batch{chain=juno-1}:supervisor.process_batch{chain=juno-1}:control.channel{channel=Channel(ChainId { id: "juno-1", version: 1 }, PortId("transfer"), ChannelId("channel-1"))}: controlling permissions
2023-03-28T18:02:13.636239Z DEBUG ThreadId(39) worker.batch{chain=juno-1}:supervisor.handle_batch{chain=juno-1}:supervisor.process_batch{chain=juno-1}: denying relaying on object packet::channel-1/transfer:juno-1->cosmoshub-4, caused by: spawn error: missing chain config for 'cosmoshub-4' in configuration file
2023-03-28T18:02:13.636251Z TRACE ThreadId(39) worker.batch{chain=juno-1}:supervisor.handle_batch{chain=juno-1}:supervisor.process_batch{chain=juno-1}: skipping events for 'packet::channel-1/transfer:juno-1->cosmoshub-4'. reason: filtering is enabled and channel does not match any allowed channels
2023-03-28T18:02:14.382805Z TRACE ThreadId(36) spawn:chain{chain=umee-1}:wallet{chain=umee-1}: wallet balance amount=838619 denom=uumee account=umee1fn5aq70qktp9qta9h3mnvfanx2zm4r34c3vvkx
2023-03-28T18:02:20.800490Z TRACE ThreadId(36) spawn:chain{chain=umee-1}:wallet{chain=umee-1}: wallet balance amount=838619 denom=uumee account=umee1fn5aq70qktp9qta9h3mnvfanx2zm4r34c3vvkx
2023-03-28T18:02:23.083617Z TRACE ThreadId(34) spawn:chain{chain=juno-1}:wallet{chain=juno-1}: wallet balance amount=113096 denom=ujuno account=juno1rhuzvew52vl2mnvlqllddadr8pgm58jpgh7d6s
2023-03-28T18:02:25.406438Z TRACE ThreadId(37) event_monitor{chain=juno-1}:ibc_channel event: extracted AcknowledgePacket(AcknowledgePacket { packet: seq:5333, path:channel-210/transfer->channel-1/transfer, toh:no timeout, tos:Timestamp(2023-03-28T18:11:57Z))})
2023-03-28T18:02:25.416057Z TRACE ThreadId(37) event_monitor{chain=juno-1}: extracted ibc_client event UpdateClient(UpdateClient { common: Attributes { client_id: 07-tendermint-310, client_type: ClientType(07-tendermint), consensus_height: 1-643424 }, header: None })
2023-03-28T18:02:26.623354Z TRACE ThreadId(39) worker.batch{chain=juno-1}:supervisor.handle_batch{chain=juno-1}:supervisor.process_batch{chain=juno-1}:control.channel{channel=Channel(ChainId { id: "juno-1", version: 1 }, PortId("transfer"), ChannelId("channel-210"))}: controlling permissions
2023-03-28T18:02:26.623455Z TRACE ThreadId(39) worker.batch{chain=juno-1}:supervisor.handle_batch{chain=juno-1}:supervisor.process_batch{chain=juno-1}:control.channel{channel=Channel(ChainId { id: "juno-1", version: 1 }, PortId("transfer"), ChannelId("channel-210"))}: controlling permissions
2023-03-28T18:02:26.623503Z DEBUG ThreadId(39) worker.batch{chain=juno-1}:supervisor.handle_batch{chain=juno-1}:supervisor.process_batch{chain=juno-1}: denying relaying on object packet::channel-210/transfer:juno-1->migaloo-1, caused by: spawn error: missing chain config for 'migaloo-1' in configuration file
2023-03-28T18:02:26.623530Z TRACE ThreadId(39) worker.batch{chain=juno-1}:supervisor.handle_batch{chain=juno-1}:supervisor.process_batch{chain=juno-1}: skipping events for 'packet::channel-210/transfer:juno-1->migaloo-1'. reason: filtering is enabled and channel does not match any allowed channels
2023-03-28T18:02:26.819207Z TRACE ThreadId(36) spawn:chain{chain=umee-1}:wallet{chain=umee-1}: wallet balance amount=838619 denom=uumee account=umee1fn5aq70qktp9qta9h3mnvfanx2zm4r34c3vvkx
2023-03-28T18:02:31.169504Z TRACE ThreadId(34) spawn:chain{chain=juno-1}:wallet{chain=juno-1}: wallet balance amount=113096 denom=ujuno account=juno1rhuzvew52vl2mnvlqllddadr8pgm58jpgh7d6s
2023-03-28T18:02:32.877010Z TRACE ThreadId(36) spawn:chain{chain=umee-1}:wallet{chain=umee-1}: wallet balance amount=838619 denom=uumee account=umee1fn5aq70qktp9qta9h3mnvfanx2zm4r34c3vvkx
2023-03-28T18:02:37.211189Z TRACE ThreadId(34) spawn:chain{chain=juno-1}:wallet{chain=juno-1}: wallet balance amount=113096 denom=ujuno account=juno1rhuzvew52vl2mnvlqllddadr8pgm58jpgh7d6s
2023-03-28T18:02:39.124895Z TRACE ThreadId(36) spawn:chain{chain=umee-1}:wallet{chain=umee-1}: wallet balance amount=838619 denom=uumee account=umee1fn5aq70qktp9qta9h3mnvfanx2zm4r34c3vvkx
2023-03-28T18:02:43.622037Z TRACE ThreadId(34) spawn:chain{chain=juno-1}:wallet{chain=juno-1}: wallet balance amount=113096 denom=ujuno account=juno1rhuzvew52vl2mnvlqllddadr8pgm58jpgh7d6s
2023-03-28T18:02:44.992391Z DEBUG ThreadId(233) worker.batch{chain=umee-1}:supervisor.handle_batch{chain=umee-1}:supervisor.process_batch{chain=umee-1}:worker.packet.cmd{src_chain=umee-1 src_port=transfer src_channel=channel-43 dst_chain=juno-1}:schedule_packet_clearing{height=Some(Height { revision: 1, height: 5846000 })}: done relaying pending packets at clear height height=Some(Height { revision: 1, height: 5845999 })
2023-03-28T18:02:46.980537Z DEBUG ThreadId(255) worker.batch{chain=umee-1}:supervisor.handle_batch{chain=umee-1}:supervisor.process_batch{chain=umee-1}:worker.packet.cmd{src_chain=umee-1 src_port=transfer src_channel=channel-50 dst_chain=juno-1}:schedule_packet_clearing{height=Some(Height { revision: 1, height: 5846000 })}: done relaying pending packets at clear height height=Some(Height { revision: 1, height: 5845999 })
2023-03-28T18:02:48.652225Z TRACE ThreadId(36) spawn:chain{chain=umee-1}:wallet{chain=umee-1}: wallet balance amount=838619 denom=uumee account=umee1fn5aq70qktp9qta9h3mnvfanx2zm4r34c3vvkx
2023-03-28T18:02:49.087862Z TRACE ThreadId(37) event_monitor{chain=juno-1}:ibc_channel event: extracted SendPacket(SendPacket { packet: seq:19415, path:channel-20/transfer->channel-5/transfer, toh:no timeout, tos:Timestamp(2023-03-28T18:12:21Z)) })
2023-03-28T18:02:49.087932Z TRACE ThreadId(37) event_monitor{chain=juno-1}:ibc_channel event: tx hash: 9568F10D526610BCE1312F31D1E70E66B6A095A8C780D967C60E174AC84A4D83 event="SendPacket"
2023-03-28T18:02:49.284655Z TRACE ThreadId(37) event_monitor{chain=juno-1}:ibc_channel event: extracted SendPacket(SendPacket { packet: seq:805666, path:channel-0/transfer->channel-42/transfer, toh:1-8915594, tos:Timestamp(NoTimestamp)) })
2023-03-28T18:02:49.284701Z TRACE ThreadId(37) event_monitor{chain=juno-1}:ibc_channel event: tx hash: FD88E7F1691E2924418E59BB9AC255B069EFD5E4EEE9F01E76191EB052D323AF event="SendPacket"
2023-03-28T18:02:49.608811Z TRACE ThreadId(34) spawn:chain{chain=juno-1}:wallet{chain=juno-1}: wallet balance amount=113096 denom=ujuno account=juno1rhuzvew52vl2mnvlqllddadr8pgm58jpgh7d6s
2023-03-28T18:02:54.705779Z TRACE ThreadId(36) spawn:chain{chain=umee-1}:wallet{chain=umee-1}: wallet balance amount=838619 denom=uumee account=umee1fn5aq70qktp9qta9h3mnvfanx2zm4r34c3vvkx
2023-03-28T18:02:54.858189Z TRACE ThreadId(37) event_monitor{chain=juno-1}:ibc_channel event: extracted SendPacket(SendPacket { packet: seq:805667, path:channel-0/transfer->channel-42/transfer, toh:1-8915597, tos:Timestamp(NoTimestamp)) })
2023-03-28T18:02:54.858218Z TRACE ThreadId(37) event_monitor{chain=juno-1}:ibc_channel event: tx hash: 615A71203C52C57CF7DD292A5DBE8A2557932A62A06CABB3C1739DF147945EAB event="SendPacket"
2023-03-28T18:02:55.062804Z TRACE ThreadId(37) event_monitor{chain=juno-1}:ibc_channel event: extracted SendPacket(SendPacket { packet: seq:756, path:channel-209/transfer->channel-3/transfer, toh:no timeout, tos:Timestamp(2023-03-29T18:02:42Z)) })
2023-03-28T18:02:55.062856Z TRACE ThreadId(37) event_monitor{chain=juno-1}:ibc_channel event: tx hash: 2B610A2220948551DEBADDD41174991FD74BBCEFE57F71D5ABEA9E4FA30131A6 event="SendPacket"
2023-03-28T18:02:55.948870Z TRACE ThreadId(34) spawn:chain{chain=juno-1}:wallet{chain=juno-1}: wallet balance amount=113096 denom=ujuno account=juno1rhuzvew52vl2mnvlqllddadr8pgm58jpgh7d6s
2023-03-28T18:03:01.300208Z TRACE ThreadId(36) spawn:chain{chain=umee-1}:wallet{chain=umee-1}: wallet balance amount=838619 denom=uumee account=umee1fn5aq70qktp9qta9h3mnvfanx2zm4r34c3vvkx
2023-03-28T18:03:01.815599Z TRACE ThreadId(39) worker.batch{chain=juno-1}:supervisor.handle_batch{chain=juno-1}:supervisor.process_batch{chain=juno-1}:control.channel{channel=Channel(ChainId { id: "juno-1", version: 1 }, PortId("transfer"), ChannelId("channel-0"))}: controlling permissions
2023-03-28T18:03:01.815729Z TRACE ThreadId(39) worker.batch{chain=juno-1}:supervisor.handle_batch{chain=juno-1}:supervisor.process_batch{chain=juno-1}:control.channel{channel=Channel(ChainId { id: "juno-1", version: 1 }, PortId("transfer"), ChannelId("channel-0"))}: controlling permissions
2023-03-28T18:03:01.815784Z DEBUG ThreadId(39) worker.batch{chain=juno-1}:supervisor.handle_batch{chain=juno-1}:supervisor.process_batch{chain=juno-1}: denying relaying on object packet::channel-0/transfer:juno-1->osmosis-1, caused by: spawn error: missing chain config for 'osmosis-1' in configuration file
2023-03-28T18:03:01.815814Z TRACE ThreadId(39) worker.batch{chain=juno-1}:supervisor.handle_batch{chain=juno-1}:supervisor.process_batch{chain=juno-1}: skipping events for 'packet::channel-0/transfer:juno-1->osmosis-1'. reason: filtering is enabled and channel does not match any allowed channels
2023-03-28T18:03:01.815843Z TRACE ThreadId(39) worker.batch{chain=juno-1}:supervisor.handle_batch{chain=juno-1}:supervisor.process_batch{chain=juno-1}:control.channel{channel=Channel(ChainId { id: "juno-1", version: 1 }, PortId("transfer"), ChannelId("channel-20"))}: controlling permissions
2023-03-28T18:03:01.896548Z TRACE ThreadId(37) event_monitor{chain=juno-1}: extracted ibc_client event UpdateClient(UpdateClient { common: Attributes { client_id: 07-tendermint-0, client_type: ClientType(07-tendermint), consensus_height: 1-8915450 }, header: None })
2023-03-28T18:03:02.110579Z TRACE ThreadId(37) event_monitor{chain=juno-1}:ibc_channel event: extracted WriteAcknowledgement(WriteAcknowledgement { packet: seq:1039772, path:channel-42/transfer->channel-0/transfer, toh:1-7590261, tos:Timestamp(NoTimestamp)), ack: [ 123, 34, 114, 101, 115, 117, 108, 116, 34, 58, 34, 65, 81, 61, 61, 34, 125 ] })
2023-03-28T18:03:02.207240Z TRACE ThreadId(39) worker.batch{chain=juno-1}:supervisor.handle_batch{chain=juno-1}:supervisor.process_batch{chain=juno-1}:control.channel{channel=Channel(ChainId { id: "juno-1", version: 1 }, PortId("transfer"), ChannelId("channel-20"))}: controlling permissions
2023-03-28T18:03:02.207363Z DEBUG ThreadId(39) worker.batch{chain=juno-1}:supervisor.handle_batch{chain=juno-1}:supervisor.process_batch{chain=juno-1}: denying relaying on object packet::channel-20/transfer:juno-1->stargaze-1, caused by: spawn error: missing chain config for 'stargaze-1' in configuration file
2023-03-28T18:03:02.207395Z TRACE ThreadId(39) worker.batch{chain=juno-1}:supervisor.handle_batch{chain=juno-1}:supervisor.process_batch{chain=juno-1}: skipping events for 'packet::channel-20/transfer:juno-1->stargaze-1'. reason: filtering is enabled and channel does not match any allowed channels
2023-03-28T18:03:02.833475Z TRACE ThreadId(34) spawn:chain{chain=juno-1}:wallet{chain=juno-1}: wallet balance amount=113096 denom=ujuno account=juno1rhuzvew52vl2mnvlqllddadr8pgm58jpgh7d6s
2023-03-28T18:03:06.734310Z TRACE ThreadId(39) worker.batch{chain=juno-1}:supervisor.handle_batch{chain=juno-1}:supervisor.process_batch{chain=juno-1}:control.channel{channel=Channel(ChainId { id: "juno-1", version: 1 }, PortId("transfer"), ChannelId("channel-209"))}: controlling permissions
2023-03-28T18:03:06.734438Z TRACE ThreadId(39) worker.batch{chain=juno-1}:supervisor.handle_batch{chain=juno-1}:supervisor.process_batch{chain=juno-1}:control.channel{channel=Channel(ChainId { id: "juno-1", version: 1 }, PortId("transfer"), ChannelId("channel-209"))}: controlling permissions
2023-03-28T18:03:06.734495Z DEBUG ThreadId(39) worker.batch{chain=juno-1}:supervisor.handle_batch{chain=juno-1}:supervisor.process_batch{chain=juno-1}: denying relaying on object packet::channel-209/transfer:juno-1->mars-1, caused by: spawn error: missing chain config for 'mars-1' in configuration file
2023-03-28T18:03:06.734526Z TRACE ThreadId(39) worker.batch{chain=juno-1}:supervisor.handle_batch{chain=juno-1}:supervisor.process_batch{chain=juno-1}: skipping events for 'packet::channel-209/transfer:juno-1->mars-1'. reason: filtering is enabled and channel does not match any allowed channels
2023-03-28T18:03:06.734556Z TRACE ThreadId(39) worker.batch{chain=juno-1}:supervisor.handle_batch{chain=juno-1}:supervisor.process_batch{chain=juno-1}:control.channel{channel=Channel(ChainId { id: "juno-1", version: 1 }, PortId("transfer"), ChannelId("channel-0"))}: controlling permissions
2023-03-28T18:03:07.351476Z TRACE ThreadId(36) spawn:chain{chain=umee-1}:wallet{chain=umee-1}: wallet balance amount=838619 denom=uumee account=umee1fn5aq70qktp9qta9h3mnvfanx2zm4r34c3vvkx
2023-03-28T18:03:07.680663Z TRACE ThreadId(39) worker.batch{chain=juno-1}:supervisor.handle_batch{chain=juno-1}:supervisor.process_batch{chain=juno-1}:control.channel{channel=Channel(ChainId { id: "juno-1", version: 1 }, PortId("transfer"), ChannelId("channel-0"))}: controlling permissions
2023-03-28T18:03:07.680727Z DEBUG ThreadId(39) worker.batch{chain=juno-1}:supervisor.handle_batch{chain=juno-1}:supervisor.process_batch{chain=juno-1}: denying relaying on object packet::channel-0/transfer:juno-1->osmosis-1, caused by: spawn error: missing chain config for 'osmosis-1' in configuration file
2023-03-28T18:03:07.680741Z TRACE ThreadId(39) worker.batch{chain=juno-1}:supervisor.handle_batch{chain=juno-1}:supervisor.process_batch{chain=juno-1}: skipping events for 'packet::channel-0/transfer:juno-1->osmosis-1'. reason: filtering is enabled and channel does not match any allowed channels
2023-03-28T18:03:09.069220Z TRACE ThreadId(34) spawn:chain{chain=juno-1}:wallet{chain=juno-1}: wallet balance amount=113096 denom=ujuno account=juno1rhuzvew52vl2mnvlqllddadr8pgm58jpgh7d6s
2023-03-28T18:03:10.081564Z TRACE ThreadId(39) worker.batch{chain=juno-1}:supervisor.handle_batch{chain=juno-1}:supervisor.process_batch{chain=juno-1}:control.channel{channel=Channel(ChainId { id: "juno-1", version: 1 }, PortId("transfer"), ChannelId("channel-0"))}: controlling permissions
2023-03-28T18:03:10.081665Z TRACE ThreadId(39) worker.batch{chain=juno-1}:supervisor.handle_batch{chain=juno-1}:supervisor.process_batch{chain=juno-1}:control.channel{channel=Channel(ChainId { id: "juno-1", version: 1 }, PortId("transfer"), ChannelId("channel-0"))}: controlling permissions
2023-03-28T18:03:10.081717Z DEBUG ThreadId(39) worker.batch{chain=juno-1}:supervisor.handle_batch{chain=juno-1}:supervisor.process_batch{chain=juno-1}: denying relaying on object packet::channel-0/transfer:juno-1->osmosis-1, caused by: spawn error: missing chain config for 'osmosis-1' in configuration file
2023-03-28T18:03:10.081767Z TRACE ThreadId(39) worker.batch{chain=juno-1}:supervisor.handle_batch{chain=juno-1}:supervisor.process_batch{chain=juno-1}: skipping events for 'packet::channel-0/transfer:juno-1->osmosis-1'. reason: filtering is enabled and channel does not match any allowed channels
2023-03-28T18:03:14.119810Z TRACE ThreadId(37) event_monitor{chain=juno-1}: extracted ibc_client event UpdateClient(UpdateClient { common: Attributes { client_id: 07-tendermint-0, client_type: ClientType(07-tendermint), consensus_height: 1-8915452 }, header: None })
2023-03-28T18:03:14.141667Z TRACE ThreadId(36) spawn:chain{chain=umee-1}:wallet{chain=umee-1}: wallet balance amount=838619 denom=uumee account=umee1fn5aq70qktp9qta9h3mnvfanx2zm4r34c3vvkx
2023-03-28T18:03:14.511552Z TRACE ThreadId(37) event_monitor{chain=juno-1}:ibc_channel event: extracted AcknowledgePacket(AcknowledgePacket { packet: seq:805666, path:channel-0/transfer->channel-42/transfer, toh:1-8915594, tos:Timestamp(NoTimestamp))})
2023-03-28T18:03:14.514932Z TRACE ThreadId(37) event_monitor{chain=juno-1}: extracted ibc_client event UpdateClient(UpdateClient { common: Attributes { client_id: 07-tendermint-44, client_type: ClientType(07-tendermint), consensus_height: 1-7518596 }, header: None })
2023-03-28T18:03:14.528711Z TRACE ThreadId(37) event_monitor{chain=juno-1}:ibc_channel event: extracted AcknowledgePacket(AcknowledgePacket { packet: seq:19415, path:channel-20/transfer->channel-5/transfer, toh:no timeout, tos:Timestamp(2023-03-28T18:12:21Z))})
2023-03-28T18:03:16.445647Z TRACE ThreadId(34) spawn:chain{chain=juno-1}:wallet{chain=juno-1}: wallet balance amount=113096 denom=ujuno account=juno1rhuzvew52vl2mnvlqllddadr8pgm58jpgh7d6s
2023-03-28T18:03:20.438672Z TRACE ThreadId(36) spawn:chain{chain=umee-1}:wallet{chain=umee-1}: wallet balance amount=838619 denom=uumee account=umee1fn5aq70qktp9qta9h3mnvfanx2zm4r34c3vvkx
2023-03-28T18:03:21.168145Z TRACE ThreadId(37) event_monitor{chain=juno-1}: extracted ibc_client event UpdateClient(UpdateClient { common: Attributes { client_id: 07-tendermint-0, client_type: ClientType(07-tendermint), consensus_height: 1-8915453 }, header: None })
2023-03-28T18:03:21.376617Z TRACE ThreadId(37) event_monitor{chain=juno-1}:ibc_channel event: extracted AcknowledgePacket(AcknowledgePacket { packet: seq:805667, path:channel-0/transfer->channel-42/transfer, toh:1-8915597, tos:Timestamp(NoTimestamp))})
2023-03-28T18:03:24.405407Z TRACE ThreadId(34) spawn:chain{chain=juno-1}:wallet{chain=juno-1}: wallet balance amount=113096 denom=ujuno account=juno1rhuzvew52vl2mnvlqllddadr8pgm58jpgh7d6s
2023-03-28T18:03:26.507013Z TRACE ThreadId(36) spawn:chain{chain=umee-1}:wallet{chain=umee-1}: wallet balance amount=838619 denom=uumee account=umee1fn5aq70qktp9qta9h3mnvfanx2zm4r34c3vvkx
2023-03-28T18:03:27.805558Z TRACE ThreadId(37) event_monitor{chain=juno-1}: extracted ibc_client event UpdateClient(UpdateClient { common: Attributes { client_id: 07-tendermint-0, client_type: ClientType(07-tendermint), consensus_height: 1-8915453 }, header: None })
2023-03-28T18:03:27.994923Z TRACE ThreadId(37) event_monitor{chain=juno-1}:ibc_channel event: extracted AcknowledgePacket(AcknowledgePacket { packet: seq:89824, path:channel-47/wasm.juno1v4887y83d6g28puzvt8cl0f3cdhd3y6y9mpysnsp3k8krdm7l6jqgm0rkn->channel-169/transfer, toh:no timeout, tos:Timestamp(2023-03-28T18:17:48.408154078Z))})
2023-03-28T18:03:27.997175Z TRACE ThreadId(37) event_monitor{chain=juno-1}: extracted ibc_client event UpdateClient(UpdateClient { common: Attributes { client_id: 07-tendermint-300, client_type: ClientType(07-tendermint), consensus_height: 1-828806 }, header: None })
2023-03-28T18:03:28.005672Z TRACE ThreadId(37) event_monitor{chain=juno-1}:ibc_channel event: extracted AcknowledgePacket(AcknowledgePacket { packet: seq:756, path:channel-209/transfer->channel-3/transfer, toh:no timeout, tos:Timestamp(2023-03-29T18:02:42Z))})
2023-03-28T18:03:30.558642Z TRACE ThreadId(34) spawn:chain{chain=juno-1}:wallet{chain=juno-1}: wallet balance amount=113096 denom=ujuno account=juno1rhuzvew52vl2mnvlqllddadr8pgm58jpgh7d6s
2023-03-28T18:03:32.769929Z TRACE ThreadId(36) spawn:chain{chain=umee-1}:wallet{chain=umee-1}: wallet balance amount=838619 denom=uumee account=umee1fn5aq70qktp9qta9h3mnvfanx2zm4r34c3vvkx
2023-03-28T18:03:37.190265Z TRACE ThreadId(34) spawn:chain{chain=juno-1}:wallet{chain=juno-1}: wallet balance amount=113096 denom=ujuno account=juno1rhuzvew52vl2mnvlqllddadr8pgm58jpgh7d6s
2023-03-28T18:03:39.106241Z TRACE ThreadId(36) spawn:chain{chain=umee-1}:wallet{chain=umee-1}: wallet balance amount=838619 denom=uumee account=umee1fn5aq70qktp9qta9h3mnvfanx2zm4r34c3vvkx
2023-03-28T18:03:43.450472Z TRACE ThreadId(34) spawn:chain{chain=juno-1}:wallet{chain=juno-1}: wallet balance amount=113096 denom=ujuno account=juno1rhuzvew52vl2mnvlqllddadr8pgm58jpgh7d6s
2023-03-28T18:03:45.154457Z TRACE ThreadId(36) spawn:chain{chain=umee-1}:wallet{chain=umee-1}: wallet balance amount=838619 denom=uumee account=umee1fn5aq70qktp9qta9h3mnvfanx2zm4r34c3vvkx
2023-03-28T18:03:49.681881Z TRACE ThreadId(34) spawn:chain{chain=juno-1}:wallet{chain=juno-1}: wallet balance amount=113096 denom=ujuno account=juno1rhuzvew52vl2mnvlqllddadr8pgm58jpgh7d6s
2023-03-28T18:03:51.249430Z TRACE ThreadId(36) spawn:chain{chain=umee-1}:wallet{chain=umee-1}: wallet balance amount=838619 denom=uumee account=umee1fn5aq70qktp9qta9h3mnvfanx2zm4r34c3vvkx
2023-03-28T18:03:55.259627Z TRACE ThreadId(34) spawn:chain{chain=juno-1}:wallet{chain=juno-1}: wallet balance amount=113096 denom=ujuno account=juno1rhuzvew52vl2mnvlqllddadr8pgm58jpgh7d6s
2023-03-28T18:03:57.286334Z TRACE ThreadId(36) spawn:chain{chain=umee-1}:wallet{chain=umee-1}: wallet balance amount=838619 denom=uumee account=umee1fn5aq70qktp9qta9h3mnvfanx2zm4r34c3vvkx
2023-03-28T18:04:02.090218Z TRACE ThreadId(37) event_monitor{chain=juno-1}:ibc_channel event: extracted SendPacket(SendPacket { packet: seq:805668, path:channel-0/transfer->channel-42/transfer, toh:1-8915601, tos:Timestamp(NoTimestamp)) })
2023-03-28T18:04:02.090238Z TRACE ThreadId(37) event_monitor{chain=juno-1}:ibc_channel event: tx hash: 50514FE95E2819DAB5EBF92D16A586B25C9315C0EB9DE8A068B8B758627F9875 event="SendPacket"
2023-03-28T18:04:02.285382Z TRACE ThreadId(37) event_monitor{chain=juno-1}:ibc_channel event: extracted SendPacket(SendPacket { packet: seq:805669, path:channel-0/transfer->channel-42/transfer, toh:no timeout, tos:Timestamp(2023-03-29T18:00:22Z)) })
2023-03-28T18:04:02.285415Z TRACE ThreadId(37) event_monitor{chain=juno-1}:ibc_channel event: tx hash: C64B29E287CA91672BD97349157637EDC27C96CD49B1F498070C11819230415C event="SendPacket"
2023-03-28T18:04:02.609160Z TRACE ThreadId(34) spawn:chain{chain=juno-1}:wallet{chain=juno-1}: wallet balance amount=113096 denom=ujuno account=juno1rhuzvew52vl2mnvlqllddadr8pgm58jpgh7d6s
2023-03-28T18:04:03.282289Z TRACE ThreadId(36) spawn:chain{chain=umee-1}:wallet{chain=umee-1}: wallet balance amount=838619 denom=uumee account=umee1fn5aq70qktp9qta9h3mnvfanx2zm4r34c3vvkx
2023-03-28T18:04:09.345973Z TRACE ThreadId(36) spawn:chain{chain=umee-1}:wallet{chain=umee-1}: wallet balance amount=838619 denom=uumee account=umee1fn5aq70qktp9qta9h3mnvfanx2zm4r34c3vvkx
2023-03-28T18:04:11.236408Z TRACE ThreadId(34) spawn:chain{chain=juno-1}:wallet{chain=juno-1}: wallet balance amount=113096 denom=ujuno account=juno1rhuzvew52vl2mnvlqllddadr8pgm58jpgh7d6s
2023-03-28T18:04:12.148877Z TRACE ThreadId(39) worker.batch{chain=juno-1}:supervisor.handle_batch{chain=juno-1}:supervisor.process_batch{chain=juno-1}:control.channel{channel=Channel(ChainId { id: "juno-1", version: 1 }, PortId("transfer"), ChannelId("channel-0"))}: controlling permissions
2023-03-28T18:04:12.148958Z TRACE ThreadId(39) worker.batch{chain=juno-1}:supervisor.handle_batch{chain=juno-1}:supervisor.process_batch{chain=juno-1}:control.channel{channel=Channel(ChainId { id: "juno-1", version: 1 }, PortId("transfer"), ChannelId("channel-0"))}: controlling permissions
2023-03-28T18:04:12.148995Z DEBUG ThreadId(39) worker.batch{chain=juno-1}:supervisor.handle_batch{chain=juno-1}:supervisor.process_batch{chain=juno-1}: denying relaying on object packet::channel-0/transfer:juno-1->osmosis-1, caused by: spawn error: missing chain config for 'osmosis-1' in configuration file
2023-03-28T18:04:12.149049Z TRACE ThreadId(39) worker.batch{chain=juno-1}:supervisor.handle_batch{chain=juno-1}:supervisor.process_batch{chain=juno-1}: skipping events for 'packet::channel-0/transfer:juno-1->osmosis-1'. reason: filtering is enabled and channel does not match any allowed channels
2023-03-28T18:04:16.054918Z TRACE ThreadId(36) spawn:chain{chain=umee-1}:wallet{chain=umee-1}: wallet balance amount=838619 denom=uumee account=umee1fn5aq70qktp9qta9h3mnvfanx2zm4r34c3vvkx
2023-03-28T18:04:18.977200Z TRACE ThreadId(34) spawn:chain{chain=juno-1}:wallet{chain=juno-1}: wallet balance amount=113096 denom=ujuno account=juno1rhuzvew52vl2mnvlqllddadr8pgm58jpgh7d6s
2023-03-28T18:04:22.112335Z TRACE ThreadId(36) spawn:chain{chain=umee-1}:wallet{chain=umee-1}: wallet balance amount=838619 denom=uumee account=umee1fn5aq70qktp9qta9h3mnvfanx2zm4r34c3vvkx
2023-03-28T18:04:24.585117Z TRACE ThreadId(34) spawn:chain{chain=juno-1}:wallet{chain=juno-1}: wallet balance amount=113096 denom=ujuno account=juno1rhuzvew52vl2mnvlqllddadr8pgm58jpgh7d6s